#
# There is insufficient memory for the Java Runtime Environment to continue.
# Native memory allocation (mmap) failed to map 266338304 bytes for G1 virtual space
# Possible reasons:
#   The system is out of physical RAM or swap space
#   The process is running with CompressedOops enabled, and the Java Heap may be blocking the growth of the native heap
# Possible solutions:
#   Reduce memory load on the system
#   Increase physical memory or swap space
#   Check if swap backing store is full
#   Decrease Java heap size (-Xmx/-Xms)
#   Decrease number of Java threads
#   Decrease Java thread stack sizes (-Xss)
#   Set larger code cache with -XX:ReservedCodeCacheSize=
#   JVM is running with Zero Based Compressed Oops mode in which the Java heap is
#     placed in the first 32GB address space. The Java Heap base address is the
#     maximum limit for the native heap growth. Please use -XX:HeapBaseMinAddress
#     to set the Java Heap base and to place the Java Heap above 32GB virtual address.
# This output file may be truncated or incomplete.
#
#  Out of Memory Error (os_windows.cpp:3466), pid=39008, tid=41816
#
# JRE version:  (16.0.2+7) (build )
# Java VM: Java HotSpot(TM) 64-Bit Server VM (16.0.2+7-67, mixed mode, sharing, tiered, compressed oops, compressed class ptrs, g1 gc, windows-amd64)
# No core dump will be written. Minidumps are not enabled by default on client versions of Windows
#

---------------  S U M M A R Y ------------

Command Line: -Dfile.encoding=Cp1252 -XX:+ShowCodeDetailsInExceptionMessages RunMenu

Host: Intel(R) Core(TM) i7-10750H CPU @ 2.60GHz, 12 cores, 15G,  Windows 10 , 64 bit Build 19041 (10.0.19041.1348)
Time: Sun Dec  5 16:51:35 2021 Central Standard Time elapsed time: 0.013573 seconds (0d 0h 0m 0s)

---------------  T H R E A D  ---------------

Current thread (0x0000029b4f6dbfc0):  JavaThread "Unknown thread" [_thread_in_vm, id=41816, stack(0x000000ceb1700000,0x000000ceb1800000)]

Stack: [0x000000ceb1700000,0x000000ceb1800000]
Native frames: (J=compiled Java code, j=interpreted, Vv=VM code, C=native code)
V  [jvm.dll+0x6681ca]
V  [jvm.dll+0x7c9e69]
V  [jvm.dll+0x7cb61e]
V  [jvm.dll+0x7cbc73]
V  [jvm.dll+0x242c55]
V  [jvm.dll+0x664f89]
V  [jvm.dll+0x659b75]
V  [jvm.dll+0x2fbfbb]
V  [jvm.dll+0x3031b6]
V  [jvm.dll+0x35299e]
V  [jvm.dll+0x352bcf]
V  [jvm.dll+0x2d3028]
V  [jvm.dll+0x2d4264]
V  [jvm.dll+0x79c741]
V  [jvm.dll+0x360791]
V  [jvm.dll+0x77a3f0]
V  [jvm.dll+0x3e4e8f]
V  [jvm.dll+0x3e6961]
C  [jli.dll+0x52fb]
C  [ucrtbase.dll+0x21bb2]
C  [KERNEL32.DLL+0x17034]
C  [ntdll.dll+0x52651]


---------------  P R O C E S S  ---------------

Threads class SMR info:
_java_thread_list=0x00007ffe63f2cbb8, length=0, elements={
}

Java Threads: ( => current thread )

Other Threads:
  0x0000029b4f72d360 GCTaskThread "GC Thread#0" [stack: 0x000000ceb1800000,0x000000ceb1900000] [id=26932]
  0x0000029b4f73e7c0 ConcurrentGCThread "G1 Main Marker" [stack: 0x000000ceb1900000,0x000000ceb1a00000] [id=34180]
  0x0000029b4f73f130 ConcurrentGCThread "G1 Conc#0" [stack: 0x000000ceb1a00000,0x000000ceb1b00000] [id=34260]

[error occurred during error reporting (printing all threads), id 0xc0000005, EXCEPTION_ACCESS_VIOLATION (0xc0000005) at pc=0x00007ffe63703ee7]

VM state: not at safepoint (not fully initialized)

VM Mutex/Monitor currently owned by a thread:  ([mutex/lock_event])
[0x0000029b4f6d92f0] Heap_lock - owner thread: 0x0000029b4f6dbfc0

Heap address: 0x0000000702800000, size: 4056 MB, Compressed Oops mode: Zero based, Oop shift amount: 3

CDS archive(s) mapped at: [0x0000000000000000-0x0000000000000000-0x0000000000000000), size 0, SharedBaseAddress: 0x0000000800000000, ArchiveRelocationMode: 0.
Narrow klass base: 0x0000000000000000, Narrow klass shift: 0, Narrow klass range: 0x0

GC Precious Log:
<Empty>

Heap:
 garbage-first heap   total 0K, used 0K [0x0000000702800000, 0x0000000800000000)
  region size 2048K, 0 young (0K), 0 survivors (0K)

[error occurred during error reporting (printing heap information), id 0xc0000005, EXCEPTION_ACCESS_VIOLATION (0xc0000005) at pc=0x00007ffe63ae1eed]

GC Heap History (0 events):
No events

Deoptimization events (0 events):
No events

Classes unloaded (0 events):
No events

Classes redefined (0 events):
No events

Internal exceptions (0 events):
No events

Events (1 events):
Event: 0.006 Loaded shared library C:\Program Files\Java\jdk-16.0.2\bin\java.dll


Dynamic libraries:
0x00007ff741300000 - 0x00007ff741310000 	C:\Program Files\Java\jdk-16.0.2\bin\javaw.exe
0x00007ffef3810000 - 0x00007ffef3a05000 	C:\WINDOWS\SYSTEM32\ntdll.dll
0x00007ffef3630000 - 0x00007ffef36ee000 	C:\WINDOWS\System32\KERNEL32.DLL
0x00007ffef1330000 - 0x00007ffef15f8000 	C:\WINDOWS\System32\KERNELBASE.dll
0x00007ffef1020000 - 0x00007ffef1120000 	C:\WINDOWS\System32\ucrtbase.dll
0x00007ffee4270000 - 0x00007ffee4288000 	C:\Program Files\Java\jdk-16.0.2\bin\jli.dll
0x00007ffedfc10000 - 0x00007ffedfc29000 	C:\Program Files\Java\jdk-16.0.2\bin\VCRUNTIME140.dll
0x00007ffef1990000 - 0x00007ffef1a3c000 	C:\WINDOWS\System32\ADVAPI32.dll
0x00007ffef2ea0000 - 0x00007ffef2f3e000 	C:\WINDOWS\System32\msvcrt.dll
0x00007ffef2e00000 - 0x00007ffef2e9b000 	C:\WINDOWS\System32\sechost.dll
0x00007ffef1860000 - 0x00007ffef198a000 	C:\WINDOWS\System32\RPCRT4.dll
0x00007ffef1db0000 - 0x00007ffef1f51000 	C:\WINDOWS\System32\USER32.dll
0x00007ffed1d10000 - 0x00007ffed1faa000 	C:\WINDOWS\WinSxS\amd64_microsoft.windows.common-controls_6595b64144ccf1df_6.0.19041.1110_none_60b5254171f9507e\COMCTL32.dll
0x00007ffef0f30000 - 0x00007ffef0f52000 	C:\WINDOWS\System32\win32u.dll
0x00007ffef36f0000 - 0x00007ffef371b000 	C:\WINDOWS\System32\GDI32.dll
0x00007ffef1220000 - 0x00007ffef132b000 	C:\WINDOWS\System32\gdi32full.dll
0x00007ffee6a30000 - 0x00007ffee6a3a000 	C:\WINDOWS\SYSTEM32\VERSION.dll
0x00007ffef1600000 - 0x00007ffef169d000 	C:\WINDOWS\System32\msvcp_win.dll
0x00007ffef2040000 - 0x00007ffef2070000 	C:\WINDOWS\System32\IMM32.DLL
0x00007ffee7e50000 - 0x00007ffee7e5c000 	C:\Program Files\Java\jdk-16.0.2\bin\vcruntime140_1.dll
0x00007ffeba090000 - 0x00007ffeba121000 	C:\Program Files\Java\jdk-16.0.2\bin\msvcp140.dll
0x00007ffe63420000 - 0x00007ffe63fcb000 	C:\Program Files\Java\jdk-16.0.2\bin\server\jvm.dll
0x00007ffef2340000 - 0x00007ffef2348000 	C:\WINDOWS\System32\PSAPI.DLL
0x00007ffee7e20000 - 0x00007ffee7e29000 	C:\WINDOWS\SYSTEM32\WSOCK32.dll
0x00007ffedd330000 - 0x00007ffedd357000 	C:\WINDOWS\SYSTEM32\WINMM.dll
0x00007ffef21a0000 - 0x00007ffef220b000 	C:\WINDOWS\System32\WS2_32.dll
0x00007ffeef7a0000 - 0x00007ffeef7b2000 	C:\WINDOWS\SYSTEM32\kernel.appcore.dll
0x00007ffee4260000 - 0x00007ffee426a000 	C:\Program Files\Java\jdk-16.0.2\bin\jimage.dll
0x00007ffeebb70000 - 0x00007ffeebd54000 	C:\WINDOWS\SYSTEM32\DBGHELP.DLL
0x00007ffec7640000 - 0x00007ffec766c000 	C:\WINDOWS\SYSTEM32\dbgcore.DLL
0x00007ffef0f90000 - 0x00007ffef1013000 	C:\WINDOWS\System32\bcryptPrimitives.dll
0x00007ffebb440000 - 0x00007ffebb465000 	C:\Program Files\Java\jdk-16.0.2\bin\java.dll

dbghelp: loaded successfully - version: 4.0.5 - missing functions: none
symbol engine: initialized successfully - sym options: 0x614 - pdb path: .;C:\Program Files\Java\jdk-16.0.2\bin;C:\WINDOWS\SYSTEM32;C:\WINDOWS\WinSxS\amd64_microsoft.windows.common-controls_6595b64144ccf1df_6.0.19041.1110_none_60b5254171f9507e;C:\Program Files\Java\jdk-16.0.2\bin\server

VM Arguments:
jvm_args: -Dfile.encoding=Cp1252 -XX:+ShowCodeDetailsInExceptionMessages 
java_command: RunMenu
java_class_path (initial): C:\Users\zande\eclipse-workspace\latest\bin
Launcher Type: SUN_STANDARD

[Global flags]
     intx CICompilerCount                          = 4                                         {product} {ergonomic}
     uint ConcGCThreads                            = 3                                         {product} {ergonomic}
     uint G1ConcRefinementThreads                  = 10                                        {product} {ergonomic}
   size_t G1HeapRegionSize                         = 2097152                                   {product} {ergonomic}
    uintx GCDrainStackTargetSize                   = 64                                        {product} {ergonomic}
   size_t InitialHeapSize                          = 266338304                                 {product} {ergonomic}
   size_t MarkStackSize                            = 4194304                                   {product} {ergonomic}
   size_t MaxHeapSize                              = 4253024256                                {product} {ergonomic}
   size_t MinHeapDeltaBytes                        = 2097152                                   {product} {ergonomic}
   size_t MinHeapSize                              = 8388608                                   {product} {ergonomic}
    uintx NonNMethodCodeHeapSize                   = 5839372                                {pd product} {ergonomic}
    uintx NonProfiledCodeHeapSize                  = 122909434                              {pd product} {ergonomic}
    uintx ProfiledCodeHeapSize                     = 122909434                              {pd product} {ergonomic}
    uintx ReservedCodeCacheSize                    = 251658240                              {pd product} {ergonomic}
     bool SegmentedCodeCache                       = true                                      {product} {ergonomic}
     bool ShowCodeDetailsInExceptionMessages       = true                                   {manageable} {command line}
   size_t SoftMaxHeapSize                          = 4253024256                             {manageable} {ergonomic}
     bool UseCompressedClassPointers               = true                           {product lp64_product} {ergonomic}
     bool UseCompressedOops                        = true                           {product lp64_product} {ergonomic}
     bool UseG1GC                                  = true                                      {product} {ergonomic}
     bool UseLargePagesIndividualAllocation        = false                                  {pd product} {ergonomic}

Logging:
Log output configuration:
 #0: stdout all=warning uptime,level,tags
 #1: stderr all=off uptime,level,tags

Environment Variables:
PATH=C:\Program Files\Common Files\Oracle\Java\javapath;C:\Program Files (x86)\Common Files\Oracle\Java\javapath;C:\Program Files\Oculus\Support\oculus-runtime;C:\windows\system32;C:\windows;C:\windows\System32\Wbem;C:\windows\System32\WindowsPowerShell\v1.0\;C:\windows\System32\OpenSSH\;C:\Program Files (x86)\NVIDIA Corporation\PhysX\Common;C:\Program Files\NVIDIA Corporation\NVIDIA NvDLISR;C:\Program Files\MATLAB\R2020b\bin;C:\Program Files\PuTTY\;C:\WINDOWS\system32;C:\WINDOWS;C:\WINDOWS\System32\Wbem;C:\WINDOWS\System32\WindowsPowerShell\v1.0\;C:\WINDOWS\System32\OpenSSH\;C:\Users\zande\AppData\Local\Microsoft\WindowsApps;C:\intelFPGA\17.1\modelsim_ase\win32aloem;C:\Users\zande\AppData\Local\GitHubDesktop\bin;C:\Users\zande\Documents\VisualStuddd\Microsoft VS Code\bin
USERNAME=zande
OS=Windows_NT
PROCESSOR_IDENTIFIER=Intel64 Family 6 Model 165 Stepping 2, GenuineIntel



---------------  S Y S T E M  ---------------

OS:
 Windows 10 , 64 bit Build 19041 (10.0.19041.1348)
OS uptime: 7 days 2:16 hours

CPU: total 12 (initial active 12) (6 cores per cpu, 2 threads per core) family 6 model 165 stepping 2 microcode 0xc8, cx8, cmov, fxsr, ht, mmx, 3dnowpref, sse, sse2, sse3, ssse3, sse4.1, sse4.2, popcnt, lzcnt, tsc, tscinvbit, avx, avx2, aes, erms, clmul, bmi1, bmi2, adx, fma, vzeroupper, clflush, clflushopt

Memory: 4k page, system-wide physical 16223M (6693M free)
TotalPageFile size 65375M (AvailPageFile size 38M)
current process WorkingSet (physical memory assigned to process): 10M, peak: 10M
current process commit charge ("private bytes"): 64M, peak: 318M

vm_info: Java HotSpot(TM) 64-Bit Server VM (16.0.2+7-67) for windows-amd64 JRE (16.0.2+7-67), built on Jun  8 2021 23:24:19 by "mach5one" with MS VC++ 16.7 (VS2019)

END.
