#
# There is insufficient memory for the Java Runtime Environment to continue.
# Native memory allocation (malloc) failed to allocate 1470416 bytes for Chunk::new
# Possible reasons:
#   The system is out of physical RAM or swap space
#   The process is running with CompressedOops enabled, and the Java Heap may be blocking the growth of the native heap
# Possible solutions:
#   Reduce memory load on the system
#   Increase physical memory or swap space
#   Check if swap backing store is full
#   Decrease Java heap size (-Xmx/-Xms)
#   Decrease number of Java threads
#   Decrease Java thread stack sizes (-Xss)
#   Set larger code cache with -XX:ReservedCodeCacheSize=
#   JVM is running with Zero Based Compressed Oops mode in which the Java heap is
#     placed in the first 32GB address space. The Java Heap base address is the
#     maximum limit for the native heap growth. Please use -XX:HeapBaseMinAddress
#     to set the Java Heap base and to place the Java Heap above 32GB virtual address.
# This output file may be truncated or incomplete.
#
#  Out of Memory Error (arena.cpp:195), pid=35980, tid=22836
#
# JRE version: Java(TM) SE Runtime Environment (16.0.2+7) (build 16.0.2+7-67)
# Java VM: Java HotSpot(TM) 64-Bit Server VM (16.0.2+7-67, mixed mode, sharing, tiered, compressed oops, compressed class ptrs, g1 gc, windows-amd64)
# No core dump will be written. Minidumps are not enabled by default on client versions of Windows
#

---------------  S U M M A R Y ------------

Command Line: -Dfile.encoding=Cp1252 -XX:+ShowCodeDetailsInExceptionMessages RunMenu

Host: Intel(R) Core(TM) i7-10750H CPU @ 2.60GHz, 12 cores, 15G,  Windows 10 , 64 bit Build 19041 (10.0.19041.1348)
Time: Sun Dec  5 16:55:04 2021 Central Standard Time elapsed time: 0.513864 seconds (0d 0h 0m 0s)

---------------  T H R E A D  ---------------

Current thread (0x0000020f7948eaf0):  JavaThread "C2 CompilerThread0" daemon [_thread_in_native, id=22836, stack(0x00000057aba00000,0x00000057abb00000)]


Current CompileTask:
C2:    513  861       4       RunMenu::main (269 bytes)

Stack: [0x00000057aba00000,0x00000057abb00000]
Native frames: (J=compiled Java code, j=interpreted, Vv=VM code, C=native code)
V  [jvm.dll+0x6681ca]
V  [jvm.dll+0x7c9e69]
V  [jvm.dll+0x7cb61e]
V  [jvm.dll+0x7cbc73]
V  [jvm.dll+0x242c55]
V  [jvm.dll+0xadeba]
V  [jvm.dll+0xae45c]
V  [jvm.dll+0x35a882]
V  [jvm.dll+0x324de1]
V  [jvm.dll+0x32428a]
V  [jvm.dll+0x215cec]
V  [jvm.dll+0x215100]
V  [jvm.dll+0x1a1beb]
V  [jvm.dll+0x225158]
V  [jvm.dll+0x22319c]
V  [jvm.dll+0x77fa62]
V  [jvm.dll+0x7795aa]
V  [jvm.dll+0x667066]
C  [ucrtbase.dll+0x21bb2]
C  [KERNEL32.DLL+0x17034]
C  [ntdll.dll+0x52651]


---------------  P R O C E S S  ---------------

Threads class SMR info:
_java_thread_list=0x0000020f7ae196b0, length=19, elements={
0x0000020f564aa880, 0x0000020f79463050, 0x0000020f79465f20, 0x0000020f794774a0,
0x0000020f7947b4d0, 0x0000020f7947ece0, 0x0000020f7947f230, 0x0000020f7948eaf0,
0x0000020f79491560, 0x0000020f794a3ba0, 0x0000020f7947e240, 0x0000020f79480770,
0x0000020f79480220, 0x0000020f7947f780, 0x0000020f7947fcd0, 0x0000020f79481210,
0x0000020f7947e790, 0x0000020f79481760, 0x0000020f7aea9540
}

Java Threads: ( => current thread )
  0x0000020f564aa880 JavaThread "main" [_thread_in_Java, id=16612, stack(0x00000057aad00000,0x00000057aae00000)]
  0x0000020f79463050 JavaThread "Reference Handler" daemon [_thread_blocked, id=32040, stack(0x00000057ab400000,0x00000057ab500000)]
  0x0000020f79465f20 JavaThread "Finalizer" daemon [_thread_blocked, id=21480, stack(0x00000057ab500000,0x00000057ab600000)]
  0x0000020f794774a0 JavaThread "Signal Dispatcher" daemon [_thread_blocked, id=19716, stack(0x00000057ab600000,0x00000057ab700000)]
  0x0000020f7947b4d0 JavaThread "Attach Listener" daemon [_thread_blocked, id=24256, stack(0x00000057ab700000,0x00000057ab800000)]
  0x0000020f7947ece0 JavaThread "Service Thread" daemon [_thread_blocked, id=22068, stack(0x00000057ab800000,0x00000057ab900000)]
  0x0000020f7947f230 JavaThread "Monitor Deflation Thread" daemon [_thread_blocked, id=46260, stack(0x00000057ab900000,0x00000057aba00000)]
=>0x0000020f7948eaf0 JavaThread "C2 CompilerThread0" daemon [_thread_in_native, id=22836, stack(0x00000057aba00000,0x00000057abb00000)]
  0x0000020f79491560 JavaThread "C1 CompilerThread0" daemon [_thread_blocked, id=42044, stack(0x00000057abb00000,0x00000057abc00000)]
  0x0000020f794a3ba0 JavaThread "Sweeper thread" daemon [_thread_blocked, id=4560, stack(0x00000057abc00000,0x00000057abd00000)]
  0x0000020f7947e240 JavaThread "Notification Thread" daemon [_thread_blocked, id=12552, stack(0x00000057abd00000,0x00000057abe00000)]
  0x0000020f79480770 JavaThread "Common-Cleaner" daemon [_thread_blocked, id=25944, stack(0x00000057abf00000,0x00000057ac000000)]
  0x0000020f79480220 JavaThread "Java2D Disposer" daemon [_thread_blocked, id=43248, stack(0x00000057ac000000,0x00000057ac100000)]
  0x0000020f7947f780 JavaThread "AWT-Shutdown" [_thread_blocked, id=12624, stack(0x00000057ac100000,0x00000057ac200000)]
  0x0000020f7947fcd0 JavaThread "AWT-Windows" daemon [_thread_in_native, id=47708, stack(0x00000057ac200000,0x00000057ac300000)]
  0x0000020f79481210 JavaThread "Image Fetcher 0" daemon [_thread_blocked, id=21124, stack(0x00000057ac500000,0x00000057ac600000)]
  0x0000020f7947e790 JavaThread "Image Fetcher 1" daemon [_thread_blocked, id=37500, stack(0x00000057ac600000,0x00000057ac700000)]
  0x0000020f79481760 JavaThread "AWT-EventQueue-0" [_thread_blocked, id=42392, stack(0x00000057ac700000,0x00000057ac800000)]
  0x0000020f7aea9540 JavaThread "D3D Screen Updater" daemon [_thread_blocked, id=36336, stack(0x00000057ac800000,0x00000057ac900000)]

Other Threads:
  0x0000020f79460410 VMThread "VM Thread" [stack: 0x00000057ab300000,0x00000057ab400000] [id=46240]
  0x0000020f7a10ff60 WatcherThread [stack: 0x00000057abe00000,0x00000057abf00000] [id=40128]
  0x0000020f564fba60 GCTaskThread "GC Thread#0" [stack: 0x00000057aae00000,0x00000057aaf00000] [id=40288]
  0x0000020f5650cfc0 ConcurrentGCThread "G1 Main Marker" [stack: 0x00000057aaf00000,0x00000057ab000000] [id=12024]
  0x0000020f5650da30 ConcurrentGCThread "G1 Conc#0" [stack: 0x00000057ab000000,0x00000057ab100000] [id=30920]
  0x0000020f793160e0 ConcurrentGCThread "G1 Refine#0" [stack: 0x00000057ab100000,0x00000057ab200000] [id=48060]
  0x0000020f79316b60 ConcurrentGCThread "G1 Service" [stack: 0x00000057ab200000,0x00000057ab300000] [id=9812]

Threads with active compile tasks:
C2 CompilerThread0      522  861       4       RunMenu::main (269 bytes)

VM state: not at safepoint (normal execution)

VM Mutex/Monitor currently owned by a thread: None

Heap address: 0x0000000702800000, size: 4056 MB, Compressed Oops mode: Zero based, Oop shift amount: 3

CDS archive(s) mapped at: [0x0000000800000000-0x0000000800bb0000-0x0000000800bb0000), size 12255232, SharedBaseAddress: 0x0000000800000000, ArchiveRelocationMode: 0.
Compressed class space mapped at: 0x0000000800c00000-0x0000000840c00000, reserved size: 1073741824
Narrow klass base: 0x0000000800000000, Narrow klass shift: 3, Narrow klass range: 0x100000000

GC Precious Log:
 CPUs: 12 total, 12 available
 Memory: 16223M
 Large Page Support: Disabled
 NUMA Support: Disabled
 Compressed Oops: Enabled (Zero based)
 Heap Region Size: 2M
 Heap Min Capacity: 8M
 Heap Initial Capacity: 254M
 Heap Max Capacity: 4056M
 Pre-touch: Disabled
 Parallel Workers: 10
 Concurrent Workers: 3
 Concurrent Refinement Workers: 10
 Periodic GC: Disabled

Heap:
 garbage-first heap   total 260096K, used 8192K [0x0000000702800000, 0x0000000800000000)
  region size 2048K, 5 young (10240K), 0 survivors (0K)
 Metaspace       used 6905K, committed 7040K, reserved 1056768K
  class space    used 766K, committed 832K, reserved 1048576K

Heap Regions: E=young(eden), S=young(survivor), O=old, HS=humongous(starts), HC=humongous(continues), CS=collection set, F=free, OA=open archive, CA=closed archive, TAMS=top-at-mark-start (previous, next)
|   0|0x0000000702800000, 0x0000000702800000, 0x0000000702a00000|  0%| F|  |TAMS 0x0000000702800000, 0x0000000702800000| Untracked 
|   1|0x0000000702a00000, 0x0000000702a00000, 0x0000000702c00000|  0%| F|  |TAMS 0x0000000702a00000, 0x0000000702a00000| Untracked 
|   2|0x0000000702c00000, 0x0000000702c00000, 0x0000000702e00000|  0%| F|  |TAMS 0x0000000702c00000, 0x0000000702c00000| Untracked 
|   3|0x0000000702e00000, 0x0000000702e00000, 0x0000000703000000|  0%| F|  |TAMS 0x0000000702e00000, 0x0000000702e00000| Untracked 
|   4|0x0000000703000000, 0x0000000703000000, 0x0000000703200000|  0%| F|  |TAMS 0x0000000703000000, 0x0000000703000000| Untracked 
|   5|0x0000000703200000, 0x0000000703200000, 0x0000000703400000|  0%| F|  |TAMS 0x0000000703200000, 0x0000000703200000| Untracked 
|   6|0x0000000703400000, 0x0000000703400000, 0x0000000703600000|  0%| F|  |TAMS 0x0000000703400000, 0x0000000703400000| Untracked 
|   7|0x0000000703600000, 0x0000000703600000, 0x0000000703800000|  0%| F|  |TAMS 0x0000000703600000, 0x0000000703600000| Untracked 
|   8|0x0000000703800000, 0x0000000703800000, 0x0000000703a00000|  0%| F|  |TAMS 0x0000000703800000, 0x0000000703800000| Untracked 
|   9|0x0000000703a00000, 0x0000000703a00000, 0x0000000703c00000|  0%| F|  |TAMS 0x0000000703a00000, 0x0000000703a00000| Untracked 
|  10|0x0000000703c00000, 0x0000000703c00000, 0x0000000703e00000|  0%| F|  |TAMS 0x0000000703c00000, 0x0000000703c00000| Untracked 
|  11|0x0000000703e00000, 0x0000000703e00000, 0x0000000704000000|  0%| F|  |TAMS 0x0000000703e00000, 0x0000000703e00000| Untracked 
|  12|0x0000000704000000, 0x0000000704000000, 0x0000000704200000|  0%| F|  |TAMS 0x0000000704000000, 0x0000000704000000| Untracked 
|  13|0x0000000704200000, 0x0000000704200000, 0x0000000704400000|  0%| F|  |TAMS 0x0000000704200000, 0x0000000704200000| Untracked 
|  14|0x0000000704400000, 0x0000000704400000, 0x0000000704600000|  0%| F|  |TAMS 0x0000000704400000, 0x0000000704400000| Untracked 
|  15|0x0000000704600000, 0x0000000704600000, 0x0000000704800000|  0%| F|  |TAMS 0x0000000704600000, 0x0000000704600000| Untracked 
|  16|0x0000000704800000, 0x0000000704800000, 0x0000000704a00000|  0%| F|  |TAMS 0x0000000704800000, 0x0000000704800000| Untracked 
|  17|0x0000000704a00000, 0x0000000704a00000, 0x0000000704c00000|  0%| F|  |TAMS 0x0000000704a00000, 0x0000000704a00000| Untracked 
|  18|0x0000000704c00000, 0x0000000704c00000, 0x0000000704e00000|  0%| F|  |TAMS 0x0000000704c00000, 0x0000000704c00000| Untracked 
|  19|0x0000000704e00000, 0x0000000704e00000, 0x0000000705000000|  0%| F|  |TAMS 0x0000000704e00000, 0x0000000704e00000| Untracked 
|  20|0x0000000705000000, 0x0000000705000000, 0x0000000705200000|  0%| F|  |TAMS 0x0000000705000000, 0x0000000705000000| Untracked 
|  21|0x0000000705200000, 0x0000000705200000, 0x0000000705400000|  0%| F|  |TAMS 0x0000000705200000, 0x0000000705200000| Untracked 
|  22|0x0000000705400000, 0x0000000705400000, 0x0000000705600000|  0%| F|  |TAMS 0x0000000705400000, 0x0000000705400000| Untracked 
|  23|0x0000000705600000, 0x0000000705600000, 0x0000000705800000|  0%| F|  |TAMS 0x0000000705600000, 0x0000000705600000| Untracked 
|  24|0x0000000705800000, 0x0000000705800000, 0x0000000705a00000|  0%| F|  |TAMS 0x0000000705800000, 0x0000000705800000| Untracked 
|  25|0x0000000705a00000, 0x0000000705a00000, 0x0000000705c00000|  0%| F|  |TAMS 0x0000000705a00000, 0x0000000705a00000| Untracked 
|  26|0x0000000705c00000, 0x0000000705c00000, 0x0000000705e00000|  0%| F|  |TAMS 0x0000000705c00000, 0x0000000705c00000| Untracked 
|  27|0x0000000705e00000, 0x0000000705e00000, 0x0000000706000000|  0%| F|  |TAMS 0x0000000705e00000, 0x0000000705e00000| Untracked 
|  28|0x0000000706000000, 0x0000000706000000, 0x0000000706200000|  0%| F|  |TAMS 0x0000000706000000, 0x0000000706000000| Untracked 
|  29|0x0000000706200000, 0x0000000706200000, 0x0000000706400000|  0%| F|  |TAMS 0x0000000706200000, 0x0000000706200000| Untracked 
|  30|0x0000000706400000, 0x0000000706400000, 0x0000000706600000|  0%| F|  |TAMS 0x0000000706400000, 0x0000000706400000| Untracked 
|  31|0x0000000706600000, 0x0000000706600000, 0x0000000706800000|  0%| F|  |TAMS 0x0000000706600000, 0x0000000706600000| Untracked 
|  32|0x0000000706800000, 0x0000000706800000, 0x0000000706a00000|  0%| F|  |TAMS 0x0000000706800000, 0x0000000706800000| Untracked 
|  33|0x0000000706a00000, 0x0000000706a00000, 0x0000000706c00000|  0%| F|  |TAMS 0x0000000706a00000, 0x0000000706a00000| Untracked 
|  34|0x0000000706c00000, 0x0000000706c00000, 0x0000000706e00000|  0%| F|  |TAMS 0x0000000706c00000, 0x0000000706c00000| Untracked 
|  35|0x0000000706e00000, 0x0000000706e00000, 0x0000000707000000|  0%| F|  |TAMS 0x0000000706e00000, 0x0000000706e00000| Untracked 
|  36|0x0000000707000000, 0x0000000707000000, 0x0000000707200000|  0%| F|  |TAMS 0x0000000707000000, 0x0000000707000000| Untracked 
|  37|0x0000000707200000, 0x0000000707200000, 0x0000000707400000|  0%| F|  |TAMS 0x0000000707200000, 0x0000000707200000| Untracked 
|  38|0x0000000707400000, 0x0000000707400000, 0x0000000707600000|  0%| F|  |TAMS 0x0000000707400000, 0x0000000707400000| Untracked 
|  39|0x0000000707600000, 0x0000000707600000, 0x0000000707800000|  0%| F|  |TAMS 0x0000000707600000, 0x0000000707600000| Untracked 
|  40|0x0000000707800000, 0x0000000707800000, 0x0000000707a00000|  0%| F|  |TAMS 0x0000000707800000, 0x0000000707800000| Untracked 
|  41|0x0000000707a00000, 0x0000000707a00000, 0x0000000707c00000|  0%| F|  |TAMS 0x0000000707a00000, 0x0000000707a00000| Untracked 
|  42|0x0000000707c00000, 0x0000000707c00000, 0x0000000707e00000|  0%| F|  |TAMS 0x0000000707c00000, 0x0000000707c00000| Untracked 
|  43|0x0000000707e00000, 0x0000000707e00000, 0x0000000708000000|  0%| F|  |TAMS 0x0000000707e00000, 0x0000000707e00000| Untracked 
|  44|0x0000000708000000, 0x0000000708000000, 0x0000000708200000|  0%| F|  |TAMS 0x0000000708000000, 0x0000000708000000| Untracked 
|  45|0x0000000708200000, 0x0000000708200000, 0x0000000708400000|  0%| F|  |TAMS 0x0000000708200000, 0x0000000708200000| Untracked 
|  46|0x0000000708400000, 0x0000000708400000, 0x0000000708600000|  0%| F|  |TAMS 0x0000000708400000, 0x0000000708400000| Untracked 
|  47|0x0000000708600000, 0x0000000708600000, 0x0000000708800000|  0%| F|  |TAMS 0x0000000708600000, 0x0000000708600000| Untracked 
|  48|0x0000000708800000, 0x0000000708800000, 0x0000000708a00000|  0%| F|  |TAMS 0x0000000708800000, 0x0000000708800000| Untracked 
|  49|0x0000000708a00000, 0x0000000708a00000, 0x0000000708c00000|  0%| F|  |TAMS 0x0000000708a00000, 0x0000000708a00000| Untracked 
|  50|0x0000000708c00000, 0x0000000708c00000, 0x0000000708e00000|  0%| F|  |TAMS 0x0000000708c00000, 0x0000000708c00000| Untracked 
|  51|0x0000000708e00000, 0x0000000708e00000, 0x0000000709000000|  0%| F|  |TAMS 0x0000000708e00000, 0x0000000708e00000| Untracked 
|  52|0x0000000709000000, 0x0000000709000000, 0x0000000709200000|  0%| F|  |TAMS 0x0000000709000000, 0x0000000709000000| Untracked 
|  53|0x0000000709200000, 0x0000000709200000, 0x0000000709400000|  0%| F|  |TAMS 0x0000000709200000, 0x0000000709200000| Untracked 
|  54|0x0000000709400000, 0x0000000709400000, 0x0000000709600000|  0%| F|  |TAMS 0x0000000709400000, 0x0000000709400000| Untracked 
|  55|0x0000000709600000, 0x0000000709600000, 0x0000000709800000|  0%| F|  |TAMS 0x0000000709600000, 0x0000000709600000| Untracked 
|  56|0x0000000709800000, 0x0000000709800000, 0x0000000709a00000|  0%| F|  |TAMS 0x0000000709800000, 0x0000000709800000| Untracked 
|  57|0x0000000709a00000, 0x0000000709a00000, 0x0000000709c00000|  0%| F|  |TAMS 0x0000000709a00000, 0x0000000709a00000| Untracked 
|  58|0x0000000709c00000, 0x0000000709c00000, 0x0000000709e00000|  0%| F|  |TAMS 0x0000000709c00000, 0x0000000709c00000| Untracked 
|  59|0x0000000709e00000, 0x0000000709e00000, 0x000000070a000000|  0%| F|  |TAMS 0x0000000709e00000, 0x0000000709e00000| Untracked 
|  60|0x000000070a000000, 0x000000070a000000, 0x000000070a200000|  0%| F|  |TAMS 0x000000070a000000, 0x000000070a000000| Untracked 
|  61|0x000000070a200000, 0x000000070a200000, 0x000000070a400000|  0%| F|  |TAMS 0x000000070a200000, 0x000000070a200000| Untracked 
|  62|0x000000070a400000, 0x000000070a400000, 0x000000070a600000|  0%| F|  |TAMS 0x000000070a400000, 0x000000070a400000| Untracked 
|  63|0x000000070a600000, 0x000000070a600000, 0x000000070a800000|  0%| F|  |TAMS 0x000000070a600000, 0x000000070a600000| Untracked 
|  64|0x000000070a800000, 0x000000070a800000, 0x000000070aa00000|  0%| F|  |TAMS 0x000000070a800000, 0x000000070a800000| Untracked 
|  65|0x000000070aa00000, 0x000000070aa00000, 0x000000070ac00000|  0%| F|  |TAMS 0x000000070aa00000, 0x000000070aa00000| Untracked 
|  66|0x000000070ac00000, 0x000000070ac00000, 0x000000070ae00000|  0%| F|  |TAMS 0x000000070ac00000, 0x000000070ac00000| Untracked 
|  67|0x000000070ae00000, 0x000000070ae00000, 0x000000070b000000|  0%| F|  |TAMS 0x000000070ae00000, 0x000000070ae00000| Untracked 
|  68|0x000000070b000000, 0x000000070b000000, 0x000000070b200000|  0%| F|  |TAMS 0x000000070b000000, 0x000000070b000000| Untracked 
|  69|0x000000070b200000, 0x000000070b200000, 0x000000070b400000|  0%| F|  |TAMS 0x000000070b200000, 0x000000070b200000| Untracked 
|  70|0x000000070b400000, 0x000000070b400000, 0x000000070b600000|  0%| F|  |TAMS 0x000000070b400000, 0x000000070b400000| Untracked 
|  71|0x000000070b600000, 0x000000070b600000, 0x000000070b800000|  0%| F|  |TAMS 0x000000070b600000, 0x000000070b600000| Untracked 
|  72|0x000000070b800000, 0x000000070b800000, 0x000000070ba00000|  0%| F|  |TAMS 0x000000070b800000, 0x000000070b800000| Untracked 
|  73|0x000000070ba00000, 0x000000070ba00000, 0x000000070bc00000|  0%| F|  |TAMS 0x000000070ba00000, 0x000000070ba00000| Untracked 
|  74|0x000000070bc00000, 0x000000070bc00000, 0x000000070be00000|  0%| F|  |TAMS 0x000000070bc00000, 0x000000070bc00000| Untracked 
|  75|0x000000070be00000, 0x000000070be00000, 0x000000070c000000|  0%| F|  |TAMS 0x000000070be00000, 0x000000070be00000| Untracked 
|  76|0x000000070c000000, 0x000000070c000000, 0x000000070c200000|  0%| F|  |TAMS 0x000000070c000000, 0x000000070c000000| Untracked 
|  77|0x000000070c200000, 0x000000070c200000, 0x000000070c400000|  0%| F|  |TAMS 0x000000070c200000, 0x000000070c200000| Untracked 
|  78|0x000000070c400000, 0x000000070c400000, 0x000000070c600000|  0%| F|  |TAMS 0x000000070c400000, 0x000000070c400000| Untracked 
|  79|0x000000070c600000, 0x000000070c600000, 0x000000070c800000|  0%| F|  |TAMS 0x000000070c600000, 0x000000070c600000| Untracked 
|  80|0x000000070c800000, 0x000000070c800000, 0x000000070ca00000|  0%| F|  |TAMS 0x000000070c800000, 0x000000070c800000| Untracked 
|  81|0x000000070ca00000, 0x000000070ca00000, 0x000000070cc00000|  0%| F|  |TAMS 0x000000070ca00000, 0x000000070ca00000| Untracked 
|  82|0x000000070cc00000, 0x000000070cc00000, 0x000000070ce00000|  0%| F|  |TAMS 0x000000070cc00000, 0x000000070cc00000| Untracked 
|  83|0x000000070ce00000, 0x000000070ce00000, 0x000000070d000000|  0%| F|  |TAMS 0x000000070ce00000, 0x000000070ce00000| Untracked 
|  84|0x000000070d000000, 0x000000070d000000, 0x000000070d200000|  0%| F|  |TAMS 0x000000070d000000, 0x000000070d000000| Untracked 
|  85|0x000000070d200000, 0x000000070d200000, 0x000000070d400000|  0%| F|  |TAMS 0x000000070d200000, 0x000000070d200000| Untracked 
|  86|0x000000070d400000, 0x000000070d400000, 0x000000070d600000|  0%| F|  |TAMS 0x000000070d400000, 0x000000070d400000| Untracked 
|  87|0x000000070d600000, 0x000000070d600000, 0x000000070d800000|  0%| F|  |TAMS 0x000000070d600000, 0x000000070d600000| Untracked 
|  88|0x000000070d800000, 0x000000070d800000, 0x000000070da00000|  0%| F|  |TAMS 0x000000070d800000, 0x000000070d800000| Untracked 
|  89|0x000000070da00000, 0x000000070da00000, 0x000000070dc00000|  0%| F|  |TAMS 0x000000070da00000, 0x000000070da00000| Untracked 
|  90|0x000000070dc00000, 0x000000070dc00000, 0x000000070de00000|  0%| F|  |TAMS 0x000000070dc00000, 0x000000070dc00000| Untracked 
|  91|0x000000070de00000, 0x000000070de00000, 0x000000070e000000|  0%| F|  |TAMS 0x000000070de00000, 0x000000070de00000| Untracked 
|  92|0x000000070e000000, 0x000000070e000000, 0x000000070e200000|  0%| F|  |TAMS 0x000000070e000000, 0x000000070e000000| Untracked 
|  93|0x000000070e200000, 0x000000070e200000, 0x000000070e400000|  0%| F|  |TAMS 0x000000070e200000, 0x000000070e200000| Untracked 
|  94|0x000000070e400000, 0x000000070e400000, 0x000000070e600000|  0%| F|  |TAMS 0x000000070e400000, 0x000000070e400000| Untracked 
|  95|0x000000070e600000, 0x000000070e600000, 0x000000070e800000|  0%| F|  |TAMS 0x000000070e600000, 0x000000070e600000| Untracked 
|  96|0x000000070e800000, 0x000000070e800000, 0x000000070ea00000|  0%| F|  |TAMS 0x000000070e800000, 0x000000070e800000| Untracked 
|  97|0x000000070ea00000, 0x000000070ea00000, 0x000000070ec00000|  0%| F|  |TAMS 0x000000070ea00000, 0x000000070ea00000| Untracked 
|  98|0x000000070ec00000, 0x000000070ec00000, 0x000000070ee00000|  0%| F|  |TAMS 0x000000070ec00000, 0x000000070ec00000| Untracked 
|  99|0x000000070ee00000, 0x000000070ee00000, 0x000000070f000000|  0%| F|  |TAMS 0x000000070ee00000, 0x000000070ee00000| Untracked 
| 100|0x000000070f000000, 0x000000070f000000, 0x000000070f200000|  0%| F|  |TAMS 0x000000070f000000, 0x000000070f000000| Untracked 
| 101|0x000000070f200000, 0x000000070f200000, 0x000000070f400000|  0%| F|  |TAMS 0x000000070f200000, 0x000000070f200000| Untracked 
| 102|0x000000070f400000, 0x000000070f400000, 0x000000070f600000|  0%| F|  |TAMS 0x000000070f400000, 0x000000070f400000| Untracked 
| 103|0x000000070f600000, 0x000000070f600000, 0x000000070f800000|  0%| F|  |TAMS 0x000000070f600000, 0x000000070f600000| Untracked 
| 104|0x000000070f800000, 0x000000070f800000, 0x000000070fa00000|  0%| F|  |TAMS 0x000000070f800000, 0x000000070f800000| Untracked 
| 105|0x000000070fa00000, 0x000000070fa00000, 0x000000070fc00000|  0%| F|  |TAMS 0x000000070fa00000, 0x000000070fa00000| Untracked 
| 106|0x000000070fc00000, 0x000000070fc00000, 0x000000070fe00000|  0%| F|  |TAMS 0x000000070fc00000, 0x000000070fc00000| Untracked 
| 107|0x000000070fe00000, 0x000000070fe00000, 0x0000000710000000|  0%| F|  |TAMS 0x000000070fe00000, 0x000000070fe00000| Untracked 
| 108|0x0000000710000000, 0x0000000710000000, 0x0000000710200000|  0%| F|  |TAMS 0x0000000710000000, 0x0000000710000000| Untracked 
| 109|0x0000000710200000, 0x0000000710200000, 0x0000000710400000|  0%| F|  |TAMS 0x0000000710200000, 0x0000000710200000| Untracked 
| 110|0x0000000710400000, 0x0000000710400000, 0x0000000710600000|  0%| F|  |TAMS 0x0000000710400000, 0x0000000710400000| Untracked 
| 111|0x0000000710600000, 0x0000000710600000, 0x0000000710800000|  0%| F|  |TAMS 0x0000000710600000, 0x0000000710600000| Untracked 
| 112|0x0000000710800000, 0x0000000710800000, 0x0000000710a00000|  0%| F|  |TAMS 0x0000000710800000, 0x0000000710800000| Untracked 
| 113|0x0000000710a00000, 0x0000000710a00000, 0x0000000710c00000|  0%| F|  |TAMS 0x0000000710a00000, 0x0000000710a00000| Untracked 
| 114|0x0000000710c00000, 0x0000000710c00000, 0x0000000710e00000|  0%| F|  |TAMS 0x0000000710c00000, 0x0000000710c00000| Untracked 
| 115|0x0000000710e00000, 0x0000000710e00000, 0x0000000711000000|  0%| F|  |TAMS 0x0000000710e00000, 0x0000000710e00000| Untracked 
| 116|0x0000000711000000, 0x0000000711000000, 0x0000000711200000|  0%| F|  |TAMS 0x0000000711000000, 0x0000000711000000| Untracked 
| 117|0x0000000711200000, 0x0000000711200000, 0x0000000711400000|  0%| F|  |TAMS 0x0000000711200000, 0x0000000711200000| Untracked 
| 118|0x0000000711400000, 0x0000000711400000, 0x0000000711600000|  0%| F|  |TAMS 0x0000000711400000, 0x0000000711400000| Untracked 
| 119|0x0000000711600000, 0x0000000711600000, 0x0000000711800000|  0%| F|  |TAMS 0x0000000711600000, 0x0000000711600000| Untracked 
| 120|0x0000000711800000, 0x0000000711800000, 0x0000000711a00000|  0%| F|  |TAMS 0x0000000711800000, 0x0000000711800000| Untracked 
| 121|0x0000000711a00000, 0x0000000711a00000, 0x0000000711c00000|  0%| F|  |TAMS 0x0000000711a00000, 0x0000000711a00000| Untracked 
| 122|0x0000000711c00000, 0x0000000711dc31d8, 0x0000000711e00000| 88%| E|  |TAMS 0x0000000711c00000, 0x0000000711c00000| Complete 
| 123|0x0000000711e00000, 0x0000000712000000, 0x0000000712000000|100%| E|CS|TAMS 0x0000000711e00000, 0x0000000711e00000| Complete 
| 124|0x0000000712000000, 0x0000000712200000, 0x0000000712200000|100%| E|CS|TAMS 0x0000000712000000, 0x0000000712000000| Complete 
| 125|0x0000000712200000, 0x0000000712400000, 0x0000000712400000|100%| E|CS|TAMS 0x0000000712200000, 0x0000000712200000| Complete 
| 126|0x0000000712400000, 0x0000000712600000, 0x0000000712600000|100%| E|CS|TAMS 0x0000000712400000, 0x0000000712400000| Complete 

Card table byte_map: [0x0000020f6d970000,0x0000020f6e160000] _byte_map_base: 0x0000020f6a15c000

Marking Bits (Prev, Next): (CMBitMap*) 0x0000020f564fc0d0, (CMBitMap*) 0x0000020f564fc110
 Prev Bits: [0x0000020f6e950000, 0x0000020f728b0000)
 Next Bits: [0x0000020f728b0000, 0x0000020f76810000)

Polling page: 0x0000020f54460000

Metaspace:

Usage:
  Non-class:      6.00 MB used.
      Class:    766.70 KB used.
       Both:      6.74 MB used.

Virtual space:
  Non-class space:        8.00 MB reserved,       6.06 MB ( 76%) committed,  1 nodes.
      Class space:        1.00 GB reserved,     832.00 KB ( <1%) committed,  1 nodes.
              Both:        1.01 GB reserved,       6.88 MB ( <1%) committed. 

Chunk freelists:
   Non-Class:  1.94 MB
       Class:  3.20 MB
        Both:  5.14 MB

MaxMetaspaceSize: 17179869184.00 GB
CompressedClassSpaceSize: 1.00 GB
 - commit_granule_bytes: 65536.
 - commit_granule_words: 8192.
 - virtual_space_node_default_size: 1048576.
 - enlarge_chunks_in_place: 1.
 - new_chunks_are_fully_committed: 0.
 - uncommit_free_chunks: 1.
 - use_allocation_guard: 0.
 - handle_deallocations: 1.


Internal statistics:

num_allocs_failed_limit: 0.
num_arena_births: 122.
num_arena_deaths: 0.
num_vsnodes_births: 2.
num_vsnodes_deaths: 0.
num_space_committed: 110.
num_space_uncommitted: 0.
num_chunks_returned_to_freelist: 0.
num_chunks_taken_from_freelist: 166.
num_chunk_merges: 0.
num_chunk_splits: 99.
num_chunks_enlarged: 49.
num_purges: 0.

CodeHeap 'non-profiled nmethods': size=120000Kb used=245Kb max_used=245Kb free=119755Kb
 bounds [0x0000020f65700000, 0x0000020f65970000, 0x0000020f6cc30000]
CodeHeap 'profiled nmethods': size=120000Kb used=1500Kb max_used=1500Kb free=118499Kb
 bounds [0x0000020f5e1d0000, 0x0000020f5e440000, 0x0000020f65700000]
CodeHeap 'non-nmethods': size=5760Kb used=1257Kb max_used=1272Kb free=4502Kb
 bounds [0x0000020f5dc30000, 0x0000020f5dea0000, 0x0000020f5e1d0000]
 total_blobs=1453 nmethods=881 adapters=485
 compilation: enabled
              stopped_count=0, restarted_count=0
 full_count=0

Compilation events (20 events):
Event: 0.437 Thread 0x0000020f79491560  874       1       java.awt.image.Raster::getWidth (5 bytes)
Event: 0.437 Thread 0x0000020f79491560 nmethod 874 0x0000020f6573c210 code [0x0000020f6573c3a0, 0x0000020f6573c478]
Event: 0.437 Thread 0x0000020f79491560  875       1       java.awt.image.Raster::getHeight (5 bytes)
Event: 0.437 Thread 0x0000020f79491560 nmethod 875 0x0000020f6573c510 code [0x0000020f6573c6a0, 0x0000020f6573c778]
Event: 0.437 Thread 0x0000020f79491560  876       1       sun.java2d.SurfaceData::getSurfaceType (5 bytes)
Event: 0.437 Thread 0x0000020f79491560 nmethod 876 0x0000020f6573c810 code [0x0000020f6573c9a0, 0x0000020f6573ca78]
Event: 0.437 Thread 0x0000020f79491560  878       3       jdk.internal.misc.Unsafe::putDouble (8 bytes)
Event: 0.437 Thread 0x0000020f79491560 nmethod 878 0x0000020f5e346090 code [0x0000020f5e346220, 0x0000020f5e346338]
Event: 0.437 Thread 0x0000020f79491560  877       1       sun.java2d.SurfaceData::isValid (5 bytes)
Event: 0.437 Thread 0x0000020f79491560 nmethod 877 0x0000020f6573cb10 code [0x0000020f6573cca0, 0x0000020f6573cd78]
Event: 0.437 Thread 0x0000020f79491560  879       3       java.awt.Rectangle::<init> (26 bytes)
Event: 0.437 Thread 0x0000020f79491560 nmethod 879 0x0000020f5e346410 code [0x0000020f5e3465c0, 0x0000020f5e3467f8]
Event: 0.437 Thread 0x0000020f79491560  880       3       java.awt.geom.Rectangle2D::<init> (5 bytes)
Event: 0.437 Thread 0x0000020f79491560 nmethod 880 0x0000020f5e346910 code [0x0000020f5e346ac0, 0x0000020f5e346c78]
Event: 0.437 Thread 0x0000020f79491560  881       3       java.awt.geom.RectangularShape::<init> (5 bytes)
Event: 0.437 Thread 0x0000020f79491560 nmethod 881 0x0000020f5e346d90 code [0x0000020f5e346f40, 0x0000020f5e347098]
Event: 0.437 Thread 0x0000020f79491560  882       1       sun.java2d.SurfaceData::isSurfaceLost (5 bytes)
Event: 0.437 Thread 0x0000020f79491560 nmethod 882 0x0000020f6573ce10 code [0x0000020f6573cfa0, 0x0000020f6573d078]
Event: 0.437 Thread 0x0000020f79491560  883       1       sun.java2d.pipe.RenderQueue::getBuffer (5 bytes)
Event: 0.437 Thread 0x0000020f79491560 nmethod 883 0x0000020f6573d110 code [0x0000020f6573d2a0, 0x0000020f6573d378]

GC Heap History (0 events):
No events

Deoptimization events (8 events):
Event: 0.334 Thread 0x0000020f7947e790 DEOPT PACKING pc=0x0000020f5e2ce26d sp=0x00000057ac6fed10
Event: 0.334 Thread 0x0000020f7947e790 DEOPT UNPACKING pc=0x0000020f5dc7dece sp=0x00000057ac6fe1b0 mode 0
Event: 0.372 Thread 0x0000020f564aa880 Uncommon trap: trap_request=0xffffff45 fr.pc=0x0000020f65725758 relative=0x0000000000000338
Event: 0.372 Thread 0x0000020f564aa880 Uncommon trap: reason=unstable_if action=reinterpret pc=0x0000020f65725758 method=java.lang.StringUTF16.compress([CI[BII)I @ 20 c2
Event: 0.372 Thread 0x0000020f564aa880 DEOPT PACKING pc=0x0000020f65725758 sp=0x00000057aadfce00
Event: 0.372 Thread 0x0000020f564aa880 DEOPT UNPACKING pc=0x0000020f5dc7d72e sp=0x00000057aadfcd80 mode 2
Event: 0.421 Thread 0x0000020f564aa880 DEOPT PACKING pc=0x0000020f5e34039b sp=0x00000057aadff100
Event: 0.421 Thread 0x0000020f564aa880 DEOPT UNPACKING pc=0x0000020f5dc7dece sp=0x00000057aadfe6b8 mode 0

Classes unloaded (0 events):
No events

Classes redefined (0 events):
No events

Internal exceptions (14 events):
Event: 0.041 Thread 0x0000020f564aa880 Exception <a 'java/lang/NoSuchMethodError'{0x000000071258e128}: 'void java.lang.invoke.DirectMethodHandle$Holder.invokeSpecial(java.lang.Object, java.lang.Object, java.lang.Object)'> (0x000000071258e128) 
thrown [t:\workspace\open\src\hotspot\share\interpreter\linkResolver.cpp, line 790]
Event: 0.051 Thread 0x0000020f564aa880 Exception <a 'java/lang/ClassNotFoundException'{0x00000007125aece8}: sun/awt/resources/spi/awtProvider> (0x00000007125aece8) 
thrown [t:\workspace\open\src\hotspot\share\classfile\systemDictionary.cpp, line 256]
Event: 0.068 Thread 0x0000020f564aa880 Exception <a 'java/io/FileNotFoundException'{0x0000000712208df8}> (0x0000000712208df8) 
thrown [t:\workspace\open\src\hotspot\share\prims\jni.cpp, line 579]
Event: 0.074 Thread 0x0000020f564aa880 Exception <a 'java/io/FileNotFoundException'{0x0000000712237708}> (0x0000000712237708) 
thrown [t:\workspace\open\src\hotspot\share\prims\jni.cpp, line 579]
Event: 0.075 Thread 0x0000020f564aa880 Exception <a 'java/lang/NoSuchMethodError'{0x0000000712238900}: 'java.lang.Object java.lang.invoke.DirectMethodHandle$Holder.invokeStatic(java.lang.Object)'> (0x0000000712238900) 
thrown [t:\workspace\open\src\hotspot\share\interpreter\linkResolver.cpp, line 790]
Event: 0.101 Thread 0x0000020f564aa880 Exception <a 'java/lang/NoSuchMethodError'{0x0000000712291288}: 'java.lang.Object java.lang.invoke.DirectMethodHandle$Holder.invokeStaticInit(java.lang.Object)'> (0x0000000712291288) 
thrown [t:\workspace\open\src\hotspot\share\interpreter\linkResolver.cpp, line 790]
Event: 0.250 Thread 0x0000020f564aa880 Exception <a 'java/lang/NoSuchMethodError'{0x00000007123744f0}: 'java.lang.Object java.lang.invoke.DirectMethodHandle$Holder.newInvokeSpecial(java.lang.Object, java.lang.Object, java.lang.Object, java.lang.Object, java.lang.Object)'> (0x00000007123744f0) 
thrown [t:\workspace\open\src\hotspot\share\interpreter\linkResolver.cpp, line 790]
Event: 0.251 Thread 0x0000020f564aa880 Exception <a 'java/lang/NoSuchMethodError'{0x000000071237ffd8}: 'java.lang.Object java.lang.invoke.DirectMethodHandle$Holder.invokeStatic(java.lang.Object, int, java.lang.Object, java.lang.Object, java.lang.Object, java.lang.Object)'> (0x000000071237ffd8) 
thrown [t:\workspace\open\src\hotspot\share\interpreter\linkResolver.cpp, line 790]
Event: 0.254 Thread 0x0000020f564aa880 Exception <a 'java/lang/NoSuchMethodError'{0x00000007123a60a0}: 'java.lang.Object java.lang.invoke.DirectMethodHandle$Holder.invokeStatic(java.lang.Object, int, java.lang.Object)'> (0x00000007123a60a0) 
thrown [t:\workspace\open\src\hotspot\share\interpreter\linkResolver.cpp, line 790]
Event: 0.272 Thread 0x0000020f564aa880 Exception <a 'java/lang/ClassNotFoundException'{0x000000071205ea40}: com/sun/swing/internal/plaf/metal/resources/spi/metalProvider> (0x000000071205ea40) 
thrown [t:\workspace\open\src\hotspot\share\classfile\systemDictionary.cpp, line 256]
Event: 0.273 Thread 0x0000020f564aa880 Exception <a 'java/lang/ClassNotFoundException'{0x0000000712062ad8}: com/sun/swing/internal/plaf/basic/resources/spi/basicProvider> (0x0000000712062ad8) 
thrown [t:\workspace\open\src\hotspot\share\classfile\systemDictionary.cpp, line 256]
Event: 0.317 Thread 0x0000020f79481210 Exception <a 'java/lang/NoSuchMethodError'{0x00000007121fc4a0}: 'java.lang.Object java.lang.invoke.DirectMethodHandle$Holder.newInvokeSpecial(java.lang.Object, java.lang.Object, java.lang.Object, int, int, int, int, int)'> (0x00000007121fc4a0) 
thrown [t:\workspace\open\src\hotspot\share\interpreter\linkResolver.cpp, line 790]
Event: 0.363 Thread 0x0000020f564aa880 Exception <a 'java/lang/NoSuchMethodError'{0x0000000711c08730}: 'void java.lang.invoke.DirectMethodHandle$Holder.invokeStaticInit(java.lang.Object)'> (0x0000000711c08730) 
thrown [t:\workspace\open\src\hotspot\share\interpreter\linkResolver.cpp, line 790]
Event: 0.403 Thread 0x0000020f7947fcd0 Exception <a 'java/lang/NoSuchMethodError'{0x00000007122f22a8}: 'void java.lang.invoke.DirectMethodHandle$Holder.invokeVirtual(java.lang.Object, java.lang.Object)'> (0x00000007122f22a8) 
thrown [t:\workspace\open\src\hotspot\share\interpreter\linkResolver.cpp, line 790]

Events (20 events):
Event: 0.433 loading class java/text/AttributedString
Event: 0.433 loading class java/text/AttributedString done
Event: 0.433 loading class java/text/AttributedString$AttributedStringIterator
Event: 0.433 loading class java/text/AttributedCharacterIterator
Event: 0.433 loading class java/text/CharacterIterator
Event: 0.433 loading class java/text/CharacterIterator done
Event: 0.433 loading class java/text/AttributedCharacterIterator done
Event: 0.433 loading class java/text/AttributedString$AttributedStringIterator done
Event: 0.433 loading class java/awt/event/ContainerEvent
Event: 0.433 loading class java/awt/event/ContainerEvent done
Event: 0.433 loading class java/applet/Applet
Event: 0.433 loading class java/awt/Panel
Event: 0.433 loading class java/awt/Panel done
Event: 0.434 loading class java/applet/Applet done
Event: 0.434 loading class java/awt/TextComponent
Event: 0.434 loading class java/awt/TextComponent done
Event: 0.434 loading class javax/swing/text/JTextComponent
Event: 0.434 loading class javax/swing/Scrollable
Event: 0.434 loading class javax/swing/Scrollable done
Event: 0.434 loading class javax/swing/text/JTextComponent done


Dynamic libraries:
0x00007ff741300000 - 0x00007ff741310000 	C:\Program Files\Java\jdk-16.0.2\bin\javaw.exe
0x00007ffef3810000 - 0x00007ffef3a05000 	C:\WINDOWS\SYSTEM32\ntdll.dll
0x00007ffef3630000 - 0x00007ffef36ee000 	C:\WINDOWS\System32\KERNEL32.DLL
0x00007ffef1330000 - 0x00007ffef15f8000 	C:\WINDOWS\System32\KERNELBASE.dll
0x00007ffef1020000 - 0x00007ffef1120000 	C:\WINDOWS\System32\ucrtbase.dll
0x00007ffee4270000 - 0x00007ffee4288000 	C:\Program Files\Java\jdk-16.0.2\bin\jli.dll
0x00007ffedfc10000 - 0x00007ffedfc29000 	C:\Program Files\Java\jdk-16.0.2\bin\VCRUNTIME140.dll
0x00007ffef1990000 - 0x00007ffef1a3c000 	C:\WINDOWS\System32\ADVAPI32.dll
0x00007ffef2ea0000 - 0x00007ffef2f3e000 	C:\WINDOWS\System32\msvcrt.dll
0x00007ffef2e00000 - 0x00007ffef2e9b000 	C:\WINDOWS\System32\sechost.dll
0x00007ffef1860000 - 0x00007ffef198a000 	C:\WINDOWS\System32\RPCRT4.dll
0x00007ffef1db0000 - 0x00007ffef1f51000 	C:\WINDOWS\System32\USER32.dll
0x00007ffed1d10000 - 0x00007ffed1faa000 	C:\WINDOWS\WinSxS\amd64_microsoft.windows.common-controls_6595b64144ccf1df_6.0.19041.1110_none_60b5254171f9507e\COMCTL32.dll
0x00007ffef0f30000 - 0x00007ffef0f52000 	C:\WINDOWS\System32\win32u.dll
0x00007ffef36f0000 - 0x00007ffef371b000 	C:\WINDOWS\System32\GDI32.dll
0x00007ffef1220000 - 0x00007ffef132b000 	C:\WINDOWS\System32\gdi32full.dll
0x00007ffef1600000 - 0x00007ffef169d000 	C:\WINDOWS\System32\msvcp_win.dll
0x00007ffee6a30000 - 0x00007ffee6a3a000 	C:\WINDOWS\SYSTEM32\VERSION.dll
0x00007ffef2040000 - 0x00007ffef2070000 	C:\WINDOWS\System32\IMM32.DLL
0x00007ffee7e50000 - 0x00007ffee7e5c000 	C:\Program Files\Java\jdk-16.0.2\bin\vcruntime140_1.dll
0x00007ffeba090000 - 0x00007ffeba121000 	C:\Program Files\Java\jdk-16.0.2\bin\msvcp140.dll
0x00007ffe63420000 - 0x00007ffe63fcb000 	C:\Program Files\Java\jdk-16.0.2\bin\server\jvm.dll
0x00007ffef2340000 - 0x00007ffef2348000 	C:\WINDOWS\System32\PSAPI.DLL
0x00007ffee7e20000 - 0x00007ffee7e29000 	C:\WINDOWS\SYSTEM32\WSOCK32.dll
0x00007ffedd330000 - 0x00007ffedd357000 	C:\WINDOWS\SYSTEM32\WINMM.dll
0x00007ffef21a0000 - 0x00007ffef220b000 	C:\WINDOWS\System32\WS2_32.dll
0x00007ffeef7a0000 - 0x00007ffeef7b2000 	C:\WINDOWS\SYSTEM32\kernel.appcore.dll
0x00007ffee4260000 - 0x00007ffee426a000 	C:\Program Files\Java\jdk-16.0.2\bin\jimage.dll
0x00007ffeebb70000 - 0x00007ffeebd54000 	C:\WINDOWS\SYSTEM32\DBGHELP.DLL
0x00007ffec7640000 - 0x00007ffec766c000 	C:\WINDOWS\SYSTEM32\dbgcore.DLL
0x00007ffef0f90000 - 0x00007ffef1013000 	C:\WINDOWS\System32\bcryptPrimitives.dll
0x00007ffebb440000 - 0x00007ffebb465000 	C:\Program Files\Java\jdk-16.0.2\bin\java.dll
0x00007ffef26c0000 - 0x00007ffef2dff000 	C:\WINDOWS\System32\SHELL32.dll
0x00007ffeef010000 - 0x00007ffeef7a0000 	C:\WINDOWS\SYSTEM32\windows.storage.dll
0x00007ffef2360000 - 0x00007ffef26b5000 	C:\WINDOWS\System32\combase.dll
0x00007ffef0980000 - 0x00007ffef09ae000 	C:\WINDOWS\SYSTEM32\Wldp.dll
0x00007ffef2290000 - 0x00007ffef233d000 	C:\WINDOWS\System32\SHCORE.dll
0x00007ffef2070000 - 0x00007ffef20c5000 	C:\WINDOWS\System32\shlwapi.dll
0x00007ffef0e70000 - 0x00007ffef0e8f000 	C:\WINDOWS\SYSTEM32\profapi.dll
0x00007ffe869b0000 - 0x00007ffe86b30000 	C:\Program Files\Java\jdk-16.0.2\bin\awt.dll
0x00007ffef20d0000 - 0x00007ffef219d000 	C:\WINDOWS\System32\OLEAUT32.dll
0x00007ffeeb330000 - 0x00007ffeeb3c0000 	C:\WINDOWS\SYSTEM32\apphelp.dll
0x00007ffeeb670000 - 0x00007ffeeb69f000 	C:\WINDOWS\system32\DWMAPI.DLL
0x00007ffeeb420000 - 0x00007ffeeb4be000 	C:\WINDOWS\system32\uxtheme.dll
0x00007ffe86880000 - 0x00007ffe869a5000 	C:\WINDOWS\system32\opengl32.dll
0x00007ffeb5a50000 - 0x00007ffeb5a7c000 	C:\WINDOWS\SYSTEM32\GLU32.dll
0x00007ffef1c90000 - 0x00007ffef1da5000 	C:\WINDOWS\System32\MSCTF.dll
0x00007ffef3480000 - 0x00007ffef35aa000 	C:\WINDOWS\System32\ole32.dll
0x00007ffed40a0000 - 0x00007ffed426e000 	C:\WINDOWS\system32\d3d9.dll
0x00007ffee4560000 - 0x00007ffee4665000 	C:\WINDOWS\System32\DriverStore\FileRepository\nvhm.inf_amd64_6f7f22b0a5610d99\nvldumdx.dll
0x00007ffef0b10000 - 0x00007ffef0b22000 	C:\WINDOWS\SYSTEM32\msasn1.dll
0x00007ffee36c0000 - 0x00007ffee36f1000 	C:\WINDOWS\SYSTEM32\cryptnet.dll
0x00007ffef16a0000 - 0x00007ffef17f6000 	C:\WINDOWS\System32\CRYPT32.dll
0x00007ffef08f0000 - 0x00007ffef08fc000 	C:\WINDOWS\SYSTEM32\cryptbase.dll
0x00007ffef1800000 - 0x00007ffef1860000 	C:\WINDOWS\System32\WINTRUST.DLL
0x00007ffef2270000 - 0x00007ffef228d000 	C:\WINDOWS\System32\imagehlp.dll
0x00007ffef08d0000 - 0x00007ffef08e8000 	C:\WINDOWS\SYSTEM32\CRYPTSP.dll
0x00007ffeefff0000 - 0x00007ffef0024000 	C:\WINDOWS\system32\rsaenh.dll
0x00007ffef0f60000 - 0x00007ffef0f87000 	C:\WINDOWS\System32\bcrypt.dll
0x00007ffea2260000 - 0x00007ffea3eaa000 	C:\WINDOWS\System32\DriverStore\FileRepository\nvhm.inf_amd64_6f7f22b0a5610d99\nvd3dumx.dll
0x00007ffea14c0000 - 0x00007ffea1779000 	C:\WINDOWS\system32\nvspcap64.dll
0x00007ffeefc20000 - 0x00007ffeefc53000 	C:\WINDOWS\SYSTEM32\ntmarta.dll
0x00007ffeef7d0000 - 0x00007ffeef7f3000 	C:\WINDOWS\SYSTEM32\gpapi.dll
0x00007ffee5930000 - 0x00007ffee596b000 	C:\WINDOWS\SYSTEM32\dxcore.dll
0x00007ffef1120000 - 0x00007ffef116e000 	C:\WINDOWS\System32\cfgmgr32.dll
0x00007ffeba340000 - 0x00007ffeba358000 	C:\Program Files\Java\jdk-16.0.2\bin\zip.dll
0x00007ffe99350000 - 0x00007ffe993d9000 	C:\Program Files\Java\jdk-16.0.2\bin\freetype.dll
0x00007ffe86780000 - 0x00007ffe86876000 	C:\Program Files\Java\jdk-16.0.2\bin\harfbuzz.dll
0x00007ffeaf6c0000 - 0x00007ffeaf6d2000 	C:\Program Files\Java\jdk-16.0.2\bin\fontmanager.dll
0x00007ffecfb40000 - 0x00007ffecfc39000 	C:\WINDOWS\SYSTEM32\textinputframework.dll
0x00007ffeea930000 - 0x00007ffeeac8e000 	C:\WINDOWS\System32\CoreUIComponents.dll
0x00007ffeeb0f0000 - 0x00007ffeeb1e2000 	C:\WINDOWS\System32\CoreMessaging.dll
0x00007ffee9950000 - 0x00007ffee9aa4000 	C:\WINDOWS\SYSTEM32\wintypes.dll

dbghelp: loaded successfully - version: 4.0.5 - missing functions: none
symbol engine: initialized successfully - sym options: 0x614 - pdb path: .;C:\Program Files\Java\jdk-16.0.2\bin;C:\WINDOWS\SYSTEM32;C:\WINDOWS\WinSxS\amd64_microsoft.windows.common-controls_6595b64144ccf1df_6.0.19041.1110_none_60b5254171f9507e;C:\Program Files\Java\jdk-16.0.2\bin\server;C:\WINDOWS\System32\DriverStore\FileRepository\nvhm.inf_amd64_6f7f22b0a5610d99

VM Arguments:
jvm_args: -Dfile.encoding=Cp1252 -XX:+ShowCodeDetailsInExceptionMessages 
java_command: RunMenu
java_class_path (initial): C:\Users\zande\eclipse-workspace\latest\bin
Launcher Type: SUN_STANDARD

[Global flags]
     intx CICompilerCount                          = 4                                         {product} {ergonomic}
     uint ConcGCThreads                            = 3                                         {product} {ergonomic}
     uint G1ConcRefinementThreads                  = 10                                        {product} {ergonomic}
   size_t G1HeapRegionSize                         = 2097152                                   {product} {ergonomic}
    uintx GCDrainStackTargetSize                   = 64                                        {product} {ergonomic}
   size_t InitialHeapSize                          = 266338304                                 {product} {ergonomic}
   size_t MarkStackSize                            = 4194304                                   {product} {ergonomic}
   size_t MaxHeapSize                              = 4253024256                                {product} {ergonomic}
   size_t MaxNewSize                               = 2550136832                                {product} {ergonomic}
   size_t MinHeapDeltaBytes                        = 2097152                                   {product} {ergonomic}
   size_t MinHeapSize                              = 8388608                                   {product} {ergonomic}
    uintx NonNMethodCodeHeapSize                   = 5839372                                {pd product} {ergonomic}
    uintx NonProfiledCodeHeapSize                  = 122909434                              {pd product} {ergonomic}
    uintx ProfiledCodeHeapSize                     = 122909434                              {pd product} {ergonomic}
    uintx ReservedCodeCacheSize                    = 251658240                              {pd product} {ergonomic}
     bool SegmentedCodeCache                       = true                                      {product} {ergonomic}
     bool ShowCodeDetailsInExceptionMessages       = true                                   {manageable} {command line}
   size_t SoftMaxHeapSize                          = 4253024256                             {manageable} {ergonomic}
     bool UseCompressedClassPointers               = true                           {product lp64_product} {ergonomic}
     bool UseCompressedOops                        = true                           {product lp64_product} {ergonomic}
     bool UseG1GC                                  = true                                      {product} {ergonomic}
     bool UseLargePagesIndividualAllocation        = false                                  {pd product} {ergonomic}

Logging:
Log output configuration:
 #0: stdout all=warning uptime,level,tags
 #1: stderr all=off uptime,level,tags

Environment Variables:
PATH=C:\Program Files\Common Files\Oracle\Java\javapath;C:\Program Files (x86)\Common Files\Oracle\Java\javapath;C:\Program Files\Oculus\Support\oculus-runtime;C:\windows\system32;C:\windows;C:\windows\System32\Wbem;C:\windows\System32\WindowsPowerShell\v1.0\;C:\windows\System32\OpenSSH\;C:\Program Files (x86)\NVIDIA Corporation\PhysX\Common;C:\Program Files\NVIDIA Corporation\NVIDIA NvDLISR;C:\Program Files\MATLAB\R2020b\bin;C:\Program Files\PuTTY\;C:\WINDOWS\system32;C:\WINDOWS;C:\WINDOWS\System32\Wbem;C:\WINDOWS\System32\WindowsPowerShell\v1.0\;C:\WINDOWS\System32\OpenSSH\;C:\Users\zande\AppData\Local\Microsoft\WindowsApps;C:\intelFPGA\17.1\modelsim_ase\win32aloem;C:\Users\zande\AppData\Local\GitHubDesktop\bin;C:\Users\zande\Documents\VisualStuddd\Microsoft VS Code\bin
USERNAME=zande
OS=Windows_NT
PROCESSOR_IDENTIFIER=Intel64 Family 6 Model 165 Stepping 2, GenuineIntel



---------------  S Y S T E M  ---------------

OS:
 Windows 10 , 64 bit Build 19041 (10.0.19041.1348)
OS uptime: 7 days 2:19 hours

CPU: total 12 (initial active 12) (6 cores per cpu, 2 threads per core) family 6 model 165 stepping 2 microcode 0xc8, cx8, cmov, fxsr, ht, mmx, 3dnowpref, sse, sse2, sse3, ssse3, sse4.1, sse4.2, popcnt, lzcnt, tsc, tscinvbit, avx, avx2, aes, erms, clmul, bmi1, bmi2, adx, fma, vzeroupper, clflush, clflushopt

Memory: 4k page, system-wide physical 16223M (6553M free)
TotalPageFile size 65375M (AvailPageFile size 5M)
current process WorkingSet (physical memory assigned to process): 87M, peak: 87M
current process commit charge ("private bytes"): 387M, peak: 389M

vm_info: Java HotSpot(TM) 64-Bit Server VM (16.0.2+7-67) for windows-amd64 JRE (16.0.2+7-67), built on Jun  8 2021 23:24:19 by "mach5one" with MS VC++ 16.7 (VS2019)

END.
