#
# There is insufficient memory for the Java Runtime Environment to continue.
# Native memory allocation (malloc) failed to allocate 1868432 bytes for Chunk::new
# Possible reasons:
#   The system is out of physical RAM or swap space
#   The process is running with CompressedOops enabled, and the Java Heap may be blocking the growth of the native heap
# Possible solutions:
#   Reduce memory load on the system
#   Increase physical memory or swap space
#   Check if swap backing store is full
#   Decrease Java heap size (-Xmx/-Xms)
#   Decrease number of Java threads
#   Decrease Java thread stack sizes (-Xss)
#   Set larger code cache with -XX:ReservedCodeCacheSize=
#   JVM is running with Zero Based Compressed Oops mode in which the Java heap is
#     placed in the first 32GB address space. The Java Heap base address is the
#     maximum limit for the native heap growth. Please use -XX:HeapBaseMinAddress
#     to set the Java Heap base and to place the Java Heap above 32GB virtual address.
# This output file may be truncated or incomplete.
#
#  Out of Memory Error (arena.cpp:195), pid=42216, tid=45804
#
# JRE version: Java(TM) SE Runtime Environment (16.0.2+7) (build 16.0.2+7-67)
# Java VM: Java HotSpot(TM) 64-Bit Server VM (16.0.2+7-67, mixed mode, sharing, tiered, compressed oops, compressed class ptrs, g1 gc, windows-amd64)
# No core dump will be written. Minidumps are not enabled by default on client versions of Windows
#

---------------  S U M M A R Y ------------

Command Line: -Dfile.encoding=Cp1252 -XX:+ShowCodeDetailsInExceptionMessages RunMenu

Host: Intel(R) Core(TM) i7-10750H CPU @ 2.60GHz, 12 cores, 15G,  Windows 10 , 64 bit Build 19041 (10.0.19041.1348)
Time: Sun Dec  5 16:54:50 2021 Central Standard Time elapsed time: 5.369696 seconds (0d 0h 0m 5s)

---------------  T H R E A D  ---------------

Current thread (0x00000291ff599110):  JavaThread "C2 CompilerThread0" daemon [_thread_in_native, id=45804, stack(0x000000fbb9100000,0x000000fbb9200000)]


Current CompileTask:
C2:   5369 1286   !   4       sun.java2d.SunGraphics2D::drawImage (150 bytes)

Stack: [0x000000fbb9100000,0x000000fbb9200000]
Native frames: (J=compiled Java code, j=interpreted, Vv=VM code, C=native code)
V  [jvm.dll+0x6681ca]
V  [jvm.dll+0x7c9e69]
V  [jvm.dll+0x7cb61e]
V  [jvm.dll+0x7cbc73]
V  [jvm.dll+0x242c55]
V  [jvm.dll+0xadeba]
V  [jvm.dll+0xae45c]
V  [jvm.dll+0x35a8d7]
V  [jvm.dll+0x1b9aca]
V  [jvm.dll+0x215e16]
V  [jvm.dll+0x215100]
V  [jvm.dll+0x1a1beb]
V  [jvm.dll+0x225158]
V  [jvm.dll+0x22319c]
V  [jvm.dll+0x77fa62]
V  [jvm.dll+0x7795aa]
V  [jvm.dll+0x667066]
C  [ucrtbase.dll+0x21bb2]
C  [KERNEL32.DLL+0x17034]
C  [ntdll.dll+0x52651]


---------------  P R O C E S S  ---------------

Threads class SMR info:
_java_thread_list=0x000002918789b2e0, length=17, elements={
0x00000291e24e97e0, 0x00000291ff5725f0, 0x00000291ff5753d0, 0x00000291ff5860b0,
0x00000291ff587bd0, 0x00000291ff58a5f0, 0x00000291ff58af00, 0x00000291ff599110,
0x00000291ff59aa70, 0x00000291ff59fbd0, 0x0000029186a0af40, 0x0000029186a10bb0,
0x0000029186be1b90, 0x0000029186be24c0, 0x0000029186c16db0, 0x00000291877c4a40,
0x000002918780f9a0
}

Java Threads: ( => current thread )
  0x00000291e24e97e0 JavaThread "main" [_thread_in_Java, id=41264, stack(0x000000fbb8400000,0x000000fbb8500000)]
  0x00000291ff5725f0 JavaThread "Reference Handler" daemon [_thread_blocked, id=19140, stack(0x000000fbb8b00000,0x000000fbb8c00000)]
  0x00000291ff5753d0 JavaThread "Finalizer" daemon [_thread_blocked, id=31536, stack(0x000000fbb8c00000,0x000000fbb8d00000)]
  0x00000291ff5860b0 JavaThread "Signal Dispatcher" daemon [_thread_blocked, id=45324, stack(0x000000fbb8d00000,0x000000fbb8e00000)]
  0x00000291ff587bd0 JavaThread "Attach Listener" daemon [_thread_blocked, id=4384, stack(0x000000fbb8e00000,0x000000fbb8f00000)]
  0x00000291ff58a5f0 JavaThread "Service Thread" daemon [_thread_blocked, id=47000, stack(0x000000fbb8f00000,0x000000fbb9000000)]
  0x00000291ff58af00 JavaThread "Monitor Deflation Thread" daemon [_thread_blocked, id=33364, stack(0x000000fbb9000000,0x000000fbb9100000)]
=>0x00000291ff599110 JavaThread "C2 CompilerThread0" daemon [_thread_in_native, id=45804, stack(0x000000fbb9100000,0x000000fbb9200000)]
  0x00000291ff59aa70 JavaThread "C1 CompilerThread0" daemon [_thread_blocked, id=11628, stack(0x000000fbb9200000,0x000000fbb9300000)]
  0x00000291ff59fbd0 JavaThread "Sweeper thread" daemon [_thread_blocked, id=43820, stack(0x000000fbb9300000,0x000000fbb9400000)]
  0x0000029186a0af40 JavaThread "Notification Thread" daemon [_thread_blocked, id=36884, stack(0x000000fbb9400000,0x000000fbb9500000)]
  0x0000029186a10bb0 JavaThread "Common-Cleaner" daemon [_thread_blocked, id=44680, stack(0x000000fbb9600000,0x000000fbb9700000)]
  0x0000029186be1b90 JavaThread "Java2D Disposer" daemon [_thread_blocked, id=6312, stack(0x000000fbb9700000,0x000000fbb9800000)]
  0x0000029186be24c0 JavaThread "AWT-Shutdown" [_thread_blocked, id=12396, stack(0x000000fbb9800000,0x000000fbb9900000)]
  0x0000029186c16db0 JavaThread "AWT-Windows" daemon [_thread_in_native, id=47848, stack(0x000000fbb9900000,0x000000fbb9a00000)]
  0x00000291877c4a40 JavaThread "AWT-EventQueue-0" [_thread_blocked, id=40324, stack(0x000000fbb9d00000,0x000000fbb9e00000)]
  0x000002918780f9a0 JavaThread "D3D Screen Updater" daemon [_thread_blocked, id=42524, stack(0x000000fbb9e00000,0x000000fbb9f00000)]

Other Threads:
  0x00000291ff56faa0 VMThread "VM Thread" [stack: 0x000000fbb8a00000,0x000000fbb8b00000] [id=6892]
  0x0000029186a104b0 WatcherThread [stack: 0x000000fbb9500000,0x000000fbb9600000] [id=13244]
  0x00000291e253ad80 GCTaskThread "GC Thread#0" [stack: 0x000000fbb8500000,0x000000fbb8600000] [id=27116]
  0x00000291e254d200 ConcurrentGCThread "G1 Main Marker" [stack: 0x000000fbb8600000,0x000000fbb8700000] [id=44584]
  0x00000291e254db80 ConcurrentGCThread "G1 Conc#0" [stack: 0x000000fbb8700000,0x000000fbb8800000] [id=46540]
  0x00000291e25cd870 ConcurrentGCThread "G1 Refine#0" [stack: 0x000000fbb8800000,0x000000fbb8900000] [id=36216]
  0x00000291e25ce200 ConcurrentGCThread "G1 Service" [stack: 0x000000fbb8900000,0x000000fbb8a00000] [id=42816]

Threads with active compile tasks:
C2 CompilerThread0     5378 1286   !   4       sun.java2d.SunGraphics2D::drawImage (150 bytes)

VM state: not at safepoint (normal execution)

VM Mutex/Monitor currently owned by a thread: None

Heap address: 0x0000000702800000, size: 4056 MB, Compressed Oops mode: Zero based, Oop shift amount: 3

CDS archive(s) mapped at: [0x0000000800000000-0x0000000800bb0000-0x0000000800bb0000), size 12255232, SharedBaseAddress: 0x0000000800000000, ArchiveRelocationMode: 0.
Compressed class space mapped at: 0x0000000800c00000-0x0000000840c00000, reserved size: 1073741824
Narrow klass base: 0x0000000800000000, Narrow klass shift: 3, Narrow klass range: 0x100000000

GC Precious Log:
 CPUs: 12 total, 12 available
 Memory: 16223M
 Large Page Support: Disabled
 NUMA Support: Disabled
 Compressed Oops: Enabled (Zero based)
 Heap Region Size: 2M
 Heap Min Capacity: 8M
 Heap Initial Capacity: 254M
 Heap Max Capacity: 4056M
 Pre-touch: Disabled
 Parallel Workers: 10
 Concurrent Workers: 3
 Concurrent Refinement Workers: 10
 Periodic GC: Disabled

Heap:
 garbage-first heap   total 260096K, used 10240K [0x0000000702800000, 0x0000000800000000)
  region size 2048K, 6 young (12288K), 0 survivors (0K)
 Metaspace       used 7755K, committed 7936K, reserved 1056768K
  class space    used 824K, committed 896K, reserved 1048576K

Heap Regions: E=young(eden), S=young(survivor), O=old, HS=humongous(starts), HC=humongous(continues), CS=collection set, F=free, OA=open archive, CA=closed archive, TAMS=top-at-mark-start (previous, next)
|   0|0x0000000702800000, 0x0000000702800000, 0x0000000702a00000|  0%| F|  |TAMS 0x0000000702800000, 0x0000000702800000| Untracked 
|   1|0x0000000702a00000, 0x0000000702a00000, 0x0000000702c00000|  0%| F|  |TAMS 0x0000000702a00000, 0x0000000702a00000| Untracked 
|   2|0x0000000702c00000, 0x0000000702c00000, 0x0000000702e00000|  0%| F|  |TAMS 0x0000000702c00000, 0x0000000702c00000| Untracked 
|   3|0x0000000702e00000, 0x0000000702e00000, 0x0000000703000000|  0%| F|  |TAMS 0x0000000702e00000, 0x0000000702e00000| Untracked 
|   4|0x0000000703000000, 0x0000000703000000, 0x0000000703200000|  0%| F|  |TAMS 0x0000000703000000, 0x0000000703000000| Untracked 
|   5|0x0000000703200000, 0x0000000703200000, 0x0000000703400000|  0%| F|  |TAMS 0x0000000703200000, 0x0000000703200000| Untracked 
|   6|0x0000000703400000, 0x0000000703400000, 0x0000000703600000|  0%| F|  |TAMS 0x0000000703400000, 0x0000000703400000| Untracked 
|   7|0x0000000703600000, 0x0000000703600000, 0x0000000703800000|  0%| F|  |TAMS 0x0000000703600000, 0x0000000703600000| Untracked 
|   8|0x0000000703800000, 0x0000000703800000, 0x0000000703a00000|  0%| F|  |TAMS 0x0000000703800000, 0x0000000703800000| Untracked 
|   9|0x0000000703a00000, 0x0000000703a00000, 0x0000000703c00000|  0%| F|  |TAMS 0x0000000703a00000, 0x0000000703a00000| Untracked 
|  10|0x0000000703c00000, 0x0000000703c00000, 0x0000000703e00000|  0%| F|  |TAMS 0x0000000703c00000, 0x0000000703c00000| Untracked 
|  11|0x0000000703e00000, 0x0000000703e00000, 0x0000000704000000|  0%| F|  |TAMS 0x0000000703e00000, 0x0000000703e00000| Untracked 
|  12|0x0000000704000000, 0x0000000704000000, 0x0000000704200000|  0%| F|  |TAMS 0x0000000704000000, 0x0000000704000000| Untracked 
|  13|0x0000000704200000, 0x0000000704200000, 0x0000000704400000|  0%| F|  |TAMS 0x0000000704200000, 0x0000000704200000| Untracked 
|  14|0x0000000704400000, 0x0000000704400000, 0x0000000704600000|  0%| F|  |TAMS 0x0000000704400000, 0x0000000704400000| Untracked 
|  15|0x0000000704600000, 0x0000000704600000, 0x0000000704800000|  0%| F|  |TAMS 0x0000000704600000, 0x0000000704600000| Untracked 
|  16|0x0000000704800000, 0x0000000704800000, 0x0000000704a00000|  0%| F|  |TAMS 0x0000000704800000, 0x0000000704800000| Untracked 
|  17|0x0000000704a00000, 0x0000000704a00000, 0x0000000704c00000|  0%| F|  |TAMS 0x0000000704a00000, 0x0000000704a00000| Untracked 
|  18|0x0000000704c00000, 0x0000000704c00000, 0x0000000704e00000|  0%| F|  |TAMS 0x0000000704c00000, 0x0000000704c00000| Untracked 
|  19|0x0000000704e00000, 0x0000000704e00000, 0x0000000705000000|  0%| F|  |TAMS 0x0000000704e00000, 0x0000000704e00000| Untracked 
|  20|0x0000000705000000, 0x0000000705000000, 0x0000000705200000|  0%| F|  |TAMS 0x0000000705000000, 0x0000000705000000| Untracked 
|  21|0x0000000705200000, 0x0000000705200000, 0x0000000705400000|  0%| F|  |TAMS 0x0000000705200000, 0x0000000705200000| Untracked 
|  22|0x0000000705400000, 0x0000000705400000, 0x0000000705600000|  0%| F|  |TAMS 0x0000000705400000, 0x0000000705400000| Untracked 
|  23|0x0000000705600000, 0x0000000705600000, 0x0000000705800000|  0%| F|  |TAMS 0x0000000705600000, 0x0000000705600000| Untracked 
|  24|0x0000000705800000, 0x0000000705800000, 0x0000000705a00000|  0%| F|  |TAMS 0x0000000705800000, 0x0000000705800000| Untracked 
|  25|0x0000000705a00000, 0x0000000705a00000, 0x0000000705c00000|  0%| F|  |TAMS 0x0000000705a00000, 0x0000000705a00000| Untracked 
|  26|0x0000000705c00000, 0x0000000705c00000, 0x0000000705e00000|  0%| F|  |TAMS 0x0000000705c00000, 0x0000000705c00000| Untracked 
|  27|0x0000000705e00000, 0x0000000705e00000, 0x0000000706000000|  0%| F|  |TAMS 0x0000000705e00000, 0x0000000705e00000| Untracked 
|  28|0x0000000706000000, 0x0000000706000000, 0x0000000706200000|  0%| F|  |TAMS 0x0000000706000000, 0x0000000706000000| Untracked 
|  29|0x0000000706200000, 0x0000000706200000, 0x0000000706400000|  0%| F|  |TAMS 0x0000000706200000, 0x0000000706200000| Untracked 
|  30|0x0000000706400000, 0x0000000706400000, 0x0000000706600000|  0%| F|  |TAMS 0x0000000706400000, 0x0000000706400000| Untracked 
|  31|0x0000000706600000, 0x0000000706600000, 0x0000000706800000|  0%| F|  |TAMS 0x0000000706600000, 0x0000000706600000| Untracked 
|  32|0x0000000706800000, 0x0000000706800000, 0x0000000706a00000|  0%| F|  |TAMS 0x0000000706800000, 0x0000000706800000| Untracked 
|  33|0x0000000706a00000, 0x0000000706a00000, 0x0000000706c00000|  0%| F|  |TAMS 0x0000000706a00000, 0x0000000706a00000| Untracked 
|  34|0x0000000706c00000, 0x0000000706c00000, 0x0000000706e00000|  0%| F|  |TAMS 0x0000000706c00000, 0x0000000706c00000| Untracked 
|  35|0x0000000706e00000, 0x0000000706e00000, 0x0000000707000000|  0%| F|  |TAMS 0x0000000706e00000, 0x0000000706e00000| Untracked 
|  36|0x0000000707000000, 0x0000000707000000, 0x0000000707200000|  0%| F|  |TAMS 0x0000000707000000, 0x0000000707000000| Untracked 
|  37|0x0000000707200000, 0x0000000707200000, 0x0000000707400000|  0%| F|  |TAMS 0x0000000707200000, 0x0000000707200000| Untracked 
|  38|0x0000000707400000, 0x0000000707400000, 0x0000000707600000|  0%| F|  |TAMS 0x0000000707400000, 0x0000000707400000| Untracked 
|  39|0x0000000707600000, 0x0000000707600000, 0x0000000707800000|  0%| F|  |TAMS 0x0000000707600000, 0x0000000707600000| Untracked 
|  40|0x0000000707800000, 0x0000000707800000, 0x0000000707a00000|  0%| F|  |TAMS 0x0000000707800000, 0x0000000707800000| Untracked 
|  41|0x0000000707a00000, 0x0000000707a00000, 0x0000000707c00000|  0%| F|  |TAMS 0x0000000707a00000, 0x0000000707a00000| Untracked 
|  42|0x0000000707c00000, 0x0000000707c00000, 0x0000000707e00000|  0%| F|  |TAMS 0x0000000707c00000, 0x0000000707c00000| Untracked 
|  43|0x0000000707e00000, 0x0000000707e00000, 0x0000000708000000|  0%| F|  |TAMS 0x0000000707e00000, 0x0000000707e00000| Untracked 
|  44|0x0000000708000000, 0x0000000708000000, 0x0000000708200000|  0%| F|  |TAMS 0x0000000708000000, 0x0000000708000000| Untracked 
|  45|0x0000000708200000, 0x0000000708200000, 0x0000000708400000|  0%| F|  |TAMS 0x0000000708200000, 0x0000000708200000| Untracked 
|  46|0x0000000708400000, 0x0000000708400000, 0x0000000708600000|  0%| F|  |TAMS 0x0000000708400000, 0x0000000708400000| Untracked 
|  47|0x0000000708600000, 0x0000000708600000, 0x0000000708800000|  0%| F|  |TAMS 0x0000000708600000, 0x0000000708600000| Untracked 
|  48|0x0000000708800000, 0x0000000708800000, 0x0000000708a00000|  0%| F|  |TAMS 0x0000000708800000, 0x0000000708800000| Untracked 
|  49|0x0000000708a00000, 0x0000000708a00000, 0x0000000708c00000|  0%| F|  |TAMS 0x0000000708a00000, 0x0000000708a00000| Untracked 
|  50|0x0000000708c00000, 0x0000000708c00000, 0x0000000708e00000|  0%| F|  |TAMS 0x0000000708c00000, 0x0000000708c00000| Untracked 
|  51|0x0000000708e00000, 0x0000000708e00000, 0x0000000709000000|  0%| F|  |TAMS 0x0000000708e00000, 0x0000000708e00000| Untracked 
|  52|0x0000000709000000, 0x0000000709000000, 0x0000000709200000|  0%| F|  |TAMS 0x0000000709000000, 0x0000000709000000| Untracked 
|  53|0x0000000709200000, 0x0000000709200000, 0x0000000709400000|  0%| F|  |TAMS 0x0000000709200000, 0x0000000709200000| Untracked 
|  54|0x0000000709400000, 0x0000000709400000, 0x0000000709600000|  0%| F|  |TAMS 0x0000000709400000, 0x0000000709400000| Untracked 
|  55|0x0000000709600000, 0x0000000709600000, 0x0000000709800000|  0%| F|  |TAMS 0x0000000709600000, 0x0000000709600000| Untracked 
|  56|0x0000000709800000, 0x0000000709800000, 0x0000000709a00000|  0%| F|  |TAMS 0x0000000709800000, 0x0000000709800000| Untracked 
|  57|0x0000000709a00000, 0x0000000709a00000, 0x0000000709c00000|  0%| F|  |TAMS 0x0000000709a00000, 0x0000000709a00000| Untracked 
|  58|0x0000000709c00000, 0x0000000709c00000, 0x0000000709e00000|  0%| F|  |TAMS 0x0000000709c00000, 0x0000000709c00000| Untracked 
|  59|0x0000000709e00000, 0x0000000709e00000, 0x000000070a000000|  0%| F|  |TAMS 0x0000000709e00000, 0x0000000709e00000| Untracked 
|  60|0x000000070a000000, 0x000000070a000000, 0x000000070a200000|  0%| F|  |TAMS 0x000000070a000000, 0x000000070a000000| Untracked 
|  61|0x000000070a200000, 0x000000070a200000, 0x000000070a400000|  0%| F|  |TAMS 0x000000070a200000, 0x000000070a200000| Untracked 
|  62|0x000000070a400000, 0x000000070a400000, 0x000000070a600000|  0%| F|  |TAMS 0x000000070a400000, 0x000000070a400000| Untracked 
|  63|0x000000070a600000, 0x000000070a600000, 0x000000070a800000|  0%| F|  |TAMS 0x000000070a600000, 0x000000070a600000| Untracked 
|  64|0x000000070a800000, 0x000000070a800000, 0x000000070aa00000|  0%| F|  |TAMS 0x000000070a800000, 0x000000070a800000| Untracked 
|  65|0x000000070aa00000, 0x000000070aa00000, 0x000000070ac00000|  0%| F|  |TAMS 0x000000070aa00000, 0x000000070aa00000| Untracked 
|  66|0x000000070ac00000, 0x000000070ac00000, 0x000000070ae00000|  0%| F|  |TAMS 0x000000070ac00000, 0x000000070ac00000| Untracked 
|  67|0x000000070ae00000, 0x000000070ae00000, 0x000000070b000000|  0%| F|  |TAMS 0x000000070ae00000, 0x000000070ae00000| Untracked 
|  68|0x000000070b000000, 0x000000070b000000, 0x000000070b200000|  0%| F|  |TAMS 0x000000070b000000, 0x000000070b000000| Untracked 
|  69|0x000000070b200000, 0x000000070b200000, 0x000000070b400000|  0%| F|  |TAMS 0x000000070b200000, 0x000000070b200000| Untracked 
|  70|0x000000070b400000, 0x000000070b400000, 0x000000070b600000|  0%| F|  |TAMS 0x000000070b400000, 0x000000070b400000| Untracked 
|  71|0x000000070b600000, 0x000000070b600000, 0x000000070b800000|  0%| F|  |TAMS 0x000000070b600000, 0x000000070b600000| Untracked 
|  72|0x000000070b800000, 0x000000070b800000, 0x000000070ba00000|  0%| F|  |TAMS 0x000000070b800000, 0x000000070b800000| Untracked 
|  73|0x000000070ba00000, 0x000000070ba00000, 0x000000070bc00000|  0%| F|  |TAMS 0x000000070ba00000, 0x000000070ba00000| Untracked 
|  74|0x000000070bc00000, 0x000000070bc00000, 0x000000070be00000|  0%| F|  |TAMS 0x000000070bc00000, 0x000000070bc00000| Untracked 
|  75|0x000000070be00000, 0x000000070be00000, 0x000000070c000000|  0%| F|  |TAMS 0x000000070be00000, 0x000000070be00000| Untracked 
|  76|0x000000070c000000, 0x000000070c000000, 0x000000070c200000|  0%| F|  |TAMS 0x000000070c000000, 0x000000070c000000| Untracked 
|  77|0x000000070c200000, 0x000000070c200000, 0x000000070c400000|  0%| F|  |TAMS 0x000000070c200000, 0x000000070c200000| Untracked 
|  78|0x000000070c400000, 0x000000070c400000, 0x000000070c600000|  0%| F|  |TAMS 0x000000070c400000, 0x000000070c400000| Untracked 
|  79|0x000000070c600000, 0x000000070c600000, 0x000000070c800000|  0%| F|  |TAMS 0x000000070c600000, 0x000000070c600000| Untracked 
|  80|0x000000070c800000, 0x000000070c800000, 0x000000070ca00000|  0%| F|  |TAMS 0x000000070c800000, 0x000000070c800000| Untracked 
|  81|0x000000070ca00000, 0x000000070ca00000, 0x000000070cc00000|  0%| F|  |TAMS 0x000000070ca00000, 0x000000070ca00000| Untracked 
|  82|0x000000070cc00000, 0x000000070cc00000, 0x000000070ce00000|  0%| F|  |TAMS 0x000000070cc00000, 0x000000070cc00000| Untracked 
|  83|0x000000070ce00000, 0x000000070ce00000, 0x000000070d000000|  0%| F|  |TAMS 0x000000070ce00000, 0x000000070ce00000| Untracked 
|  84|0x000000070d000000, 0x000000070d000000, 0x000000070d200000|  0%| F|  |TAMS 0x000000070d000000, 0x000000070d000000| Untracked 
|  85|0x000000070d200000, 0x000000070d200000, 0x000000070d400000|  0%| F|  |TAMS 0x000000070d200000, 0x000000070d200000| Untracked 
|  86|0x000000070d400000, 0x000000070d400000, 0x000000070d600000|  0%| F|  |TAMS 0x000000070d400000, 0x000000070d400000| Untracked 
|  87|0x000000070d600000, 0x000000070d600000, 0x000000070d800000|  0%| F|  |TAMS 0x000000070d600000, 0x000000070d600000| Untracked 
|  88|0x000000070d800000, 0x000000070d800000, 0x000000070da00000|  0%| F|  |TAMS 0x000000070d800000, 0x000000070d800000| Untracked 
|  89|0x000000070da00000, 0x000000070da00000, 0x000000070dc00000|  0%| F|  |TAMS 0x000000070da00000, 0x000000070da00000| Untracked 
|  90|0x000000070dc00000, 0x000000070dc00000, 0x000000070de00000|  0%| F|  |TAMS 0x000000070dc00000, 0x000000070dc00000| Untracked 
|  91|0x000000070de00000, 0x000000070de00000, 0x000000070e000000|  0%| F|  |TAMS 0x000000070de00000, 0x000000070de00000| Untracked 
|  92|0x000000070e000000, 0x000000070e000000, 0x000000070e200000|  0%| F|  |TAMS 0x000000070e000000, 0x000000070e000000| Untracked 
|  93|0x000000070e200000, 0x000000070e200000, 0x000000070e400000|  0%| F|  |TAMS 0x000000070e200000, 0x000000070e200000| Untracked 
|  94|0x000000070e400000, 0x000000070e400000, 0x000000070e600000|  0%| F|  |TAMS 0x000000070e400000, 0x000000070e400000| Untracked 
|  95|0x000000070e600000, 0x000000070e600000, 0x000000070e800000|  0%| F|  |TAMS 0x000000070e600000, 0x000000070e600000| Untracked 
|  96|0x000000070e800000, 0x000000070e800000, 0x000000070ea00000|  0%| F|  |TAMS 0x000000070e800000, 0x000000070e800000| Untracked 
|  97|0x000000070ea00000, 0x000000070ea00000, 0x000000070ec00000|  0%| F|  |TAMS 0x000000070ea00000, 0x000000070ea00000| Untracked 
|  98|0x000000070ec00000, 0x000000070ec00000, 0x000000070ee00000|  0%| F|  |TAMS 0x000000070ec00000, 0x000000070ec00000| Untracked 
|  99|0x000000070ee00000, 0x000000070ee00000, 0x000000070f000000|  0%| F|  |TAMS 0x000000070ee00000, 0x000000070ee00000| Untracked 
| 100|0x000000070f000000, 0x000000070f000000, 0x000000070f200000|  0%| F|  |TAMS 0x000000070f000000, 0x000000070f000000| Untracked 
| 101|0x000000070f200000, 0x000000070f200000, 0x000000070f400000|  0%| F|  |TAMS 0x000000070f200000, 0x000000070f200000| Untracked 
| 102|0x000000070f400000, 0x000000070f400000, 0x000000070f600000|  0%| F|  |TAMS 0x000000070f400000, 0x000000070f400000| Untracked 
| 103|0x000000070f600000, 0x000000070f600000, 0x000000070f800000|  0%| F|  |TAMS 0x000000070f600000, 0x000000070f600000| Untracked 
| 104|0x000000070f800000, 0x000000070f800000, 0x000000070fa00000|  0%| F|  |TAMS 0x000000070f800000, 0x000000070f800000| Untracked 
| 105|0x000000070fa00000, 0x000000070fa00000, 0x000000070fc00000|  0%| F|  |TAMS 0x000000070fa00000, 0x000000070fa00000| Untracked 
| 106|0x000000070fc00000, 0x000000070fc00000, 0x000000070fe00000|  0%| F|  |TAMS 0x000000070fc00000, 0x000000070fc00000| Untracked 
| 107|0x000000070fe00000, 0x000000070fe00000, 0x0000000710000000|  0%| F|  |TAMS 0x000000070fe00000, 0x000000070fe00000| Untracked 
| 108|0x0000000710000000, 0x0000000710000000, 0x0000000710200000|  0%| F|  |TAMS 0x0000000710000000, 0x0000000710000000| Untracked 
| 109|0x0000000710200000, 0x0000000710200000, 0x0000000710400000|  0%| F|  |TAMS 0x0000000710200000, 0x0000000710200000| Untracked 
| 110|0x0000000710400000, 0x0000000710400000, 0x0000000710600000|  0%| F|  |TAMS 0x0000000710400000, 0x0000000710400000| Untracked 
| 111|0x0000000710600000, 0x0000000710600000, 0x0000000710800000|  0%| F|  |TAMS 0x0000000710600000, 0x0000000710600000| Untracked 
| 112|0x0000000710800000, 0x0000000710800000, 0x0000000710a00000|  0%| F|  |TAMS 0x0000000710800000, 0x0000000710800000| Untracked 
| 113|0x0000000710a00000, 0x0000000710a00000, 0x0000000710c00000|  0%| F|  |TAMS 0x0000000710a00000, 0x0000000710a00000| Untracked 
| 114|0x0000000710c00000, 0x0000000710c00000, 0x0000000710e00000|  0%| F|  |TAMS 0x0000000710c00000, 0x0000000710c00000| Untracked 
| 115|0x0000000710e00000, 0x0000000710e00000, 0x0000000711000000|  0%| F|  |TAMS 0x0000000710e00000, 0x0000000710e00000| Untracked 
| 116|0x0000000711000000, 0x0000000711000000, 0x0000000711200000|  0%| F|  |TAMS 0x0000000711000000, 0x0000000711000000| Untracked 
| 117|0x0000000711200000, 0x0000000711200000, 0x0000000711400000|  0%| F|  |TAMS 0x0000000711200000, 0x0000000711200000| Untracked 
| 118|0x0000000711400000, 0x0000000711400000, 0x0000000711600000|  0%| F|  |TAMS 0x0000000711400000, 0x0000000711400000| Untracked 
| 119|0x0000000711600000, 0x0000000711600000, 0x0000000711800000|  0%| F|  |TAMS 0x0000000711600000, 0x0000000711600000| Untracked 
| 120|0x0000000711800000, 0x0000000711800000, 0x0000000711a00000|  0%| F|  |TAMS 0x0000000711800000, 0x0000000711800000| Untracked 
| 121|0x0000000711a00000, 0x0000000711b550f0, 0x0000000711c00000| 66%| E|  |TAMS 0x0000000711a00000, 0x0000000711a00000| Complete 
| 122|0x0000000711c00000, 0x0000000711e00000, 0x0000000711e00000|100%| E|CS|TAMS 0x0000000711c00000, 0x0000000711c00000| Complete 
| 123|0x0000000711e00000, 0x0000000712000000, 0x0000000712000000|100%| E|CS|TAMS 0x0000000711e00000, 0x0000000711e00000| Complete 
| 124|0x0000000712000000, 0x0000000712200000, 0x0000000712200000|100%| E|CS|TAMS 0x0000000712000000, 0x0000000712000000| Complete 
| 125|0x0000000712200000, 0x0000000712400000, 0x0000000712400000|100%| E|CS|TAMS 0x0000000712200000, 0x0000000712200000| Complete 
| 126|0x0000000712400000, 0x0000000712600000, 0x0000000712600000|100%| E|CS|TAMS 0x0000000712400000, 0x0000000712400000| Complete 

Card table byte_map: [0x00000291f99c0000,0x00000291fa1b0000] _byte_map_base: 0x00000291f61ac000

Marking Bits (Prev, Next): (CMBitMap*) 0x00000291e253c310, (CMBitMap*) 0x00000291e253c350
 Prev Bits: [0x00000291fa9a0000, 0x00000291fe900000)
 Next Bits: [0x0000029180000000, 0x0000029183f60000)

Polling page: 0x00000291e0430000

Metaspace:

Usage:
  Non-class:      6.77 MB used.
      Class:    824.03 KB used.
       Both:      7.57 MB used.

Virtual space:
  Non-class space:        8.00 MB reserved,       6.88 MB ( 86%) committed,  1 nodes.
      Class space:        1.00 GB reserved,     896.00 KB ( <1%) committed,  1 nodes.
              Both:        1.01 GB reserved,       7.75 MB ( <1%) committed. 

Chunk freelists:
   Non-Class:  965.00 KB
       Class:  3.07 MB
        Both:  4.01 MB

MaxMetaspaceSize: 17179869184.00 GB
CompressedClassSpaceSize: 1.00 GB
 - commit_granule_bytes: 65536.
 - commit_granule_words: 8192.
 - virtual_space_node_default_size: 1048576.
 - enlarge_chunks_in_place: 1.
 - new_chunks_are_fully_committed: 0.
 - uncommit_free_chunks: 1.
 - use_allocation_guard: 0.
 - handle_deallocations: 1.


Internal statistics:

num_allocs_failed_limit: 0.
num_arena_births: 122.
num_arena_deaths: 0.
num_vsnodes_births: 2.
num_vsnodes_deaths: 0.
num_space_committed: 124.
num_space_uncommitted: 0.
num_chunks_returned_to_freelist: 0.
num_chunks_taken_from_freelist: 168.
num_chunk_merges: 0.
num_chunk_splits: 99.
num_chunks_enlarged: 49.
num_purges: 0.

CodeHeap 'non-profiled nmethods': size=120000Kb used=416Kb max_used=416Kb free=119583Kb
 bounds [0x00000291f1740000, 0x00000291f19b0000, 0x00000291f8c70000]
CodeHeap 'profiled nmethods': size=120000Kb used=2430Kb max_used=2430Kb free=117569Kb
 bounds [0x00000291ea210000, 0x00000291ea480000, 0x00000291f1740000]
CodeHeap 'non-nmethods': size=5760Kb used=1270Kb max_used=1287Kb free=4490Kb
 bounds [0x00000291e9c70000, 0x00000291e9ee0000, 0x00000291ea210000]
 total_blobs=1875 nmethods=1285 adapters=503
 compilation: enabled
              stopped_count=0, restarted_count=0
 full_count=0

Compilation events (20 events):
Event: 4.847 Thread 0x00000291ff59aa70 nmethod 1276 0x00000291ea46e510 code [0x00000291ea46e6e0, 0x00000291ea46eb58]
Event: 4.847 Thread 0x00000291ff59aa70 1277       3       sun.awt.Win32GraphicsConfig::getDefaultTransform (24 bytes)
Event: 4.847 Thread 0x00000291ff59aa70 nmethod 1277 0x00000291ea46ec90 code [0x00000291ea46ee40, 0x00000291ea46f0c8]
Event: 4.847 Thread 0x00000291ff59aa70 1278       3       java.awt.geom.AffineTransform::getScaleInstance (19 bytes)
Event: 4.847 Thread 0x00000291ff59aa70 nmethod 1278 0x00000291ea46f190 code [0x00000291ea46f340, 0x00000291ea46f538]
Event: 4.847 Thread 0x00000291ff599110 1279       4       java.util.HashMap::getNode (150 bytes)
Event: 4.850 Thread 0x00000291ff599110 nmethod 1279 0x00000291f17a4a90 code [0x00000291f17a4c60, 0x00000291f17a4fc8]
Event: 4.886 Thread 0x00000291ff599110 1280       4       java.security.AccessController::getContext (23 bytes)
Event: 4.888 Thread 0x00000291ff599110 nmethod 1280 0x00000291f17a5210 code [0x00000291f17a53c0, 0x00000291f17a5698]
Event: 4.985 Thread 0x00000291ff599110 1281       4       java.util.HashMap::get (19 bytes)
Event: 4.988 Thread 0x00000291ff599110 nmethod 1281 0x00000291f17a5a90 code [0x00000291f17a5c60, 0x00000291f17a6008]
Event: 5.089 Thread 0x00000291ff59aa70 1282       3       sun.awt.image.PixelConverter$ArgbPre::rgbToPixel (100 bytes)
Event: 5.089 Thread 0x00000291ff59aa70 nmethod 1282 0x00000291ea46f610 code [0x00000291ea46f7c0, 0x00000291ea46f998]
Event: 5.138 Thread 0x00000291ff599110 1283       4       sun.java2d.StateTrackableDelegate$1::isCurrent (17 bytes)
Event: 5.139 Thread 0x00000291ff599110 nmethod 1283 0x00000291f17a6290 code [0x00000291f17a6420, 0x00000291f17a64b8]
Event: 5.139 Thread 0x00000291ff599110 1284       4       java.awt.Rectangle::<init> (26 bytes)
Event: 5.139 Thread 0x00000291ff599110 nmethod 1284 0x00000291f17a6590 code [0x00000291f17a6700, 0x00000291f17a6798]
Event: 5.258 Thread 0x00000291ff599110 1285   !   4       sun.java2d.SunGraphics2D::drawHiDPIImage (540 bytes)
Event: 5.265 Thread 0x00000291ff599110 nmethod 1285 0x00000291f17a6890 code [0x00000291f17a6ba0, 0x00000291f17a7588]
Event: 5.265 Thread 0x00000291ff599110 1286   !   4       sun.java2d.SunGraphics2D::drawImage (150 bytes)

GC Heap History (0 events):
No events

Deoptimization events (20 events):
Event: 2.602 Thread 0x00000291877c4a40 Uncommon trap: trap_request=0xffffffde fr.pc=0x00000291f177690c relative=0x00000000000002cc
Event: 2.602 Thread 0x00000291877c4a40 Uncommon trap: reason=class_check action=maybe_recompile pc=0x00000291f177690c method=java.util.HashMap.getNode(Ljava/lang/Object;)Ljava/util/HashMap$Node; @ 63 c2
Event: 2.602 Thread 0x00000291877c4a40 DEOPT PACKING pc=0x00000291f177690c sp=0x000000fbb9dfdbf0
Event: 2.602 Thread 0x00000291877c4a40 DEOPT UNPACKING pc=0x00000291e9cbd72e sp=0x000000fbb9dfdaf8 mode 2
Event: 2.668 Thread 0x00000291877c4a40 Uncommon trap: trap_request=0xffffffde fr.pc=0x00000291f177690c relative=0x00000000000002cc
Event: 2.668 Thread 0x00000291877c4a40 Uncommon trap: reason=class_check action=maybe_recompile pc=0x00000291f177690c method=java.util.HashMap.getNode(Ljava/lang/Object;)Ljava/util/HashMap$Node; @ 63 c2
Event: 2.668 Thread 0x00000291877c4a40 DEOPT PACKING pc=0x00000291f177690c sp=0x000000fbb9dfdbf0
Event: 2.668 Thread 0x00000291877c4a40 DEOPT UNPACKING pc=0x00000291e9cbd72e sp=0x000000fbb9dfdaf8 mode 2
Event: 3.509 Thread 0x0000029186c16db0 Uncommon trap: trap_request=0xffffff45 fr.pc=0x00000291f179c264 relative=0x00000000000000c4
Event: 3.509 Thread 0x0000029186c16db0 Uncommon trap: reason=unstable_if action=reinterpret pc=0x00000291f179c264 method=java.util.concurrent.locks.AbstractQueuedSynchronizer.signalNext(Ljava/util/concurrent/locks/AbstractQueuedSynchronizer$Node;)V @ 17 c2
Event: 3.509 Thread 0x0000029186c16db0 DEOPT PACKING pc=0x00000291f179c264 sp=0x000000fbb99fdd90
Event: 3.509 Thread 0x0000029186c16db0 DEOPT UNPACKING pc=0x00000291e9cbd72e sp=0x000000fbb99fdd20 mode 2
Event: 3.768 Thread 0x00000291877c4a40 Uncommon trap: trap_request=0xffffffde fr.pc=0x00000291f177690c relative=0x00000000000002cc
Event: 3.768 Thread 0x00000291877c4a40 Uncommon trap: reason=class_check action=maybe_recompile pc=0x00000291f177690c method=java.util.HashMap.getNode(Ljava/lang/Object;)Ljava/util/HashMap$Node; @ 63 c2
Event: 3.768 Thread 0x00000291877c4a40 DEOPT PACKING pc=0x00000291f177690c sp=0x000000fbb9dfdba0
Event: 3.768 Thread 0x00000291877c4a40 DEOPT UNPACKING pc=0x00000291e9cbd72e sp=0x000000fbb9dfdaa8 mode 2
Event: 3.770 Thread 0x00000291877c4a40 Uncommon trap: trap_request=0xffffffde fr.pc=0x00000291f1767a5c relative=0x000000000000029c
Event: 3.770 Thread 0x00000291877c4a40 Uncommon trap: reason=class_check action=maybe_recompile pc=0x00000291f1767a5c method=java.util.HashMap.getNode(Ljava/lang/Object;)Ljava/util/HashMap$Node; @ 63 c2
Event: 3.770 Thread 0x00000291877c4a40 DEOPT PACKING pc=0x00000291f1767a5c sp=0x000000fbb9dfdb30
Event: 3.770 Thread 0x00000291877c4a40 DEOPT UNPACKING pc=0x00000291e9cbd72e sp=0x000000fbb9dfdaa8 mode 2

Classes unloaded (0 events):
No events

Classes redefined (0 events):
No events

Internal exceptions (14 events):
Event: 0.041 Thread 0x00000291e24e97e0 Exception <a 'java/lang/NoSuchMethodError'{0x000000071258e170}: 'void java.lang.invoke.DirectMethodHandle$Holder.invokeSpecial(java.lang.Object, java.lang.Object, java.lang.Object)'> (0x000000071258e170) 
thrown [t:\workspace\open\src\hotspot\share\interpreter\linkResolver.cpp, line 790]
Event: 0.049 Thread 0x00000291e24e97e0 Exception <a 'java/lang/ClassNotFoundException'{0x00000007125aed60}: sun/awt/resources/spi/awtProvider> (0x00000007125aed60) 
thrown [t:\workspace\open\src\hotspot\share\classfile\systemDictionary.cpp, line 256]
Event: 0.065 Thread 0x00000291e24e97e0 Exception <a 'java/io/FileNotFoundException'{0x0000000712208df8}> (0x0000000712208df8) 
thrown [t:\workspace\open\src\hotspot\share\prims\jni.cpp, line 579]
Event: 0.070 Thread 0x00000291e24e97e0 Exception <a 'java/io/FileNotFoundException'{0x0000000712237708}> (0x0000000712237708) 
thrown [t:\workspace\open\src\hotspot\share\prims\jni.cpp, line 579]
Event: 0.070 Thread 0x00000291e24e97e0 Exception <a 'java/lang/NoSuchMethodError'{0x0000000712238900}: 'java.lang.Object java.lang.invoke.DirectMethodHandle$Holder.invokeStatic(java.lang.Object)'> (0x0000000712238900) 
thrown [t:\workspace\open\src\hotspot\share\interpreter\linkResolver.cpp, line 790]
Event: 0.094 Thread 0x00000291e24e97e0 Exception <a 'java/lang/NoSuchMethodError'{0x0000000712291198}: 'java.lang.Object java.lang.invoke.DirectMethodHandle$Holder.invokeStaticInit(java.lang.Object)'> (0x0000000712291198) 
thrown [t:\workspace\open\src\hotspot\share\interpreter\linkResolver.cpp, line 790]
Event: 0.227 Thread 0x00000291e24e97e0 Exception <a 'java/lang/NoSuchMethodError'{0x00000007123744f0}: 'java.lang.Object java.lang.invoke.DirectMethodHandle$Holder.newInvokeSpecial(java.lang.Object, java.lang.Object, java.lang.Object, java.lang.Object, java.lang.Object)'> (0x00000007123744f0) 
thrown [t:\workspace\open\src\hotspot\share\interpreter\linkResolver.cpp, line 790]
Event: 0.228 Thread 0x00000291e24e97e0 Exception <a 'java/lang/NoSuchMethodError'{0x000000071237ffd8}: 'java.lang.Object java.lang.invoke.DirectMethodHandle$Holder.invokeStatic(java.lang.Object, int, java.lang.Object, java.lang.Object, java.lang.Object, java.lang.Object)'> (0x000000071237ffd8) 
thrown [t:\workspace\open\src\hotspot\share\interpreter\linkResolver.cpp, line 790]
Event: 0.232 Thread 0x00000291e24e97e0 Exception <a 'java/lang/NoSuchMethodError'{0x00000007123a60a0}: 'java.lang.Object java.lang.invoke.DirectMethodHandle$Holder.invokeStatic(java.lang.Object, int, java.lang.Object)'> (0x00000007123a60a0) 
thrown [t:\workspace\open\src\hotspot\share\interpreter\linkResolver.cpp, line 790]
Event: 0.248 Thread 0x00000291e24e97e0 Exception <a 'java/lang/ClassNotFoundException'{0x000000071205eb30}: com/sun/swing/internal/plaf/metal/resources/spi/metalProvider> (0x000000071205eb30) 
thrown [t:\workspace\open\src\hotspot\share\classfile\systemDictionary.cpp, line 256]
Event: 0.248 Thread 0x00000291e24e97e0 Exception <a 'java/lang/ClassNotFoundException'{0x0000000712062bc8}: com/sun/swing/internal/plaf/basic/resources/spi/basicProvider> (0x0000000712062bc8) 
thrown [t:\workspace\open\src\hotspot\share\classfile\systemDictionary.cpp, line 256]
Event: 0.287 Thread 0x000002918764c710 Exception <a 'java/lang/NoSuchMethodError'{0x00000007121fc698}: 'java.lang.Object java.lang.invoke.DirectMethodHandle$Holder.newInvokeSpecial(java.lang.Object, java.lang.Object, java.lang.Object, int, int, int, int, int)'> (0x00000007121fc698) 
thrown [t:\workspace\open\src\hotspot\share\interpreter\linkResolver.cpp, line 790]
Event: 0.332 Thread 0x00000291e24e97e0 Exception <a 'java/lang/NoSuchMethodError'{0x0000000711c08698}: 'void java.lang.invoke.DirectMethodHandle$Holder.invokeStaticInit(java.lang.Object)'> (0x0000000711c08698) 
thrown [t:\workspace\open\src\hotspot\share\interpreter\linkResolver.cpp, line 790]
Event: 0.372 Thread 0x0000029186c16db0 Exception <a 'java/lang/NoSuchMethodError'{0x00000007122f22a8}: 'void java.lang.invoke.DirectMethodHandle$Holder.invokeVirtual(java.lang.Object, java.lang.Object)'> (0x00000007122f22a8) 
thrown [t:\workspace\open\src\hotspot\share\interpreter\linkResolver.cpp, line 790]

Events (20 events):
Event: 2.420 loading class sun/font/CMap$NullCMapClass done
Event: 2.420 loading class sun/font/CMap$CMapFormat4
Event: 2.420 loading class sun/font/CMap$CMapFormat4 done
Event: 2.420 loading class java/nio/ByteBufferAsCharBufferB
Event: 2.420 loading class java/nio/ByteBufferAsCharBufferB done
Event: 2.421 loading class jdk/internal/misc/ScopedMemoryAccess$Scope
Event: 2.421 loading class jdk/internal/misc/ScopedMemoryAccess$Scope done
Event: 2.423 loading class sun/font/FontDesignMetrics$KeyReference
Event: 2.423 loading class sun/font/FontDesignMetrics$KeyReference done
Event: 3.426 Executing  VM operation: Cleanup
Event: 3.426 Executing  VM operation: Cleanup done
Event: 4.436 Executing  VM operation: Cleanup
Event: 4.436 Executing  VM operation: Cleanup done
Event: 4.460 loading class javax/swing/ClientPropertyKey
Event: 4.460 loading class javax/swing/ClientPropertyKey done
Event: 4.460 loading class javax/swing/ClientPropertyKey$1
Event: 4.460 loading class sun/awt/AWTAccessor$ClientPropertyKeyAccessor
Event: 4.460 loading class sun/awt/AWTAccessor$ClientPropertyKeyAccessor done
Event: 4.460 loading class javax/swing/ClientPropertyKey$1 done
Event: 5.321 Thread 0x000002918764c710 Thread exited: 0x000002918764c710


Dynamic libraries:
0x00007ff741300000 - 0x00007ff741310000 	C:\Program Files\Java\jdk-16.0.2\bin\javaw.exe
0x00007ffef3810000 - 0x00007ffef3a05000 	C:\WINDOWS\SYSTEM32\ntdll.dll
0x00007ffef3630000 - 0x00007ffef36ee000 	C:\WINDOWS\System32\KERNEL32.DLL
0x00007ffef1330000 - 0x00007ffef15f8000 	C:\WINDOWS\System32\KERNELBASE.dll
0x00007ffef1020000 - 0x00007ffef1120000 	C:\WINDOWS\System32\ucrtbase.dll
0x00007ffedfc10000 - 0x00007ffedfc29000 	C:\Program Files\Java\jdk-16.0.2\bin\VCRUNTIME140.dll
0x00007ffee4270000 - 0x00007ffee4288000 	C:\Program Files\Java\jdk-16.0.2\bin\jli.dll
0x00007ffef1990000 - 0x00007ffef1a3c000 	C:\WINDOWS\System32\ADVAPI32.dll
0x00007ffef2ea0000 - 0x00007ffef2f3e000 	C:\WINDOWS\System32\msvcrt.dll
0x00007ffef2e00000 - 0x00007ffef2e9b000 	C:\WINDOWS\System32\sechost.dll
0x00007ffef1860000 - 0x00007ffef198a000 	C:\WINDOWS\System32\RPCRT4.dll
0x00007ffef1db0000 - 0x00007ffef1f51000 	C:\WINDOWS\System32\USER32.dll
0x00007ffed1d10000 - 0x00007ffed1faa000 	C:\WINDOWS\WinSxS\amd64_microsoft.windows.common-controls_6595b64144ccf1df_6.0.19041.1110_none_60b5254171f9507e\COMCTL32.dll
0x00007ffef0f30000 - 0x00007ffef0f52000 	C:\WINDOWS\System32\win32u.dll
0x00007ffef36f0000 - 0x00007ffef371b000 	C:\WINDOWS\System32\GDI32.dll
0x00007ffef1220000 - 0x00007ffef132b000 	C:\WINDOWS\System32\gdi32full.dll
0x00007ffee6a30000 - 0x00007ffee6a3a000 	C:\WINDOWS\SYSTEM32\VERSION.dll
0x00007ffef1600000 - 0x00007ffef169d000 	C:\WINDOWS\System32\msvcp_win.dll
0x00007ffef2040000 - 0x00007ffef2070000 	C:\WINDOWS\System32\IMM32.DLL
0x00007ffee7e50000 - 0x00007ffee7e5c000 	C:\Program Files\Java\jdk-16.0.2\bin\vcruntime140_1.dll
0x00007ffeba090000 - 0x00007ffeba121000 	C:\Program Files\Java\jdk-16.0.2\bin\msvcp140.dll
0x00007ffe63420000 - 0x00007ffe63fcb000 	C:\Program Files\Java\jdk-16.0.2\bin\server\jvm.dll
0x00007ffef2340000 - 0x00007ffef2348000 	C:\WINDOWS\System32\PSAPI.DLL
0x00007ffee7e20000 - 0x00007ffee7e29000 	C:\WINDOWS\SYSTEM32\WSOCK32.dll
0x00007ffedd330000 - 0x00007ffedd357000 	C:\WINDOWS\SYSTEM32\WINMM.dll
0x00007ffef21a0000 - 0x00007ffef220b000 	C:\WINDOWS\System32\WS2_32.dll
0x00007ffeef7a0000 - 0x00007ffeef7b2000 	C:\WINDOWS\SYSTEM32\kernel.appcore.dll
0x00007ffee4260000 - 0x00007ffee426a000 	C:\Program Files\Java\jdk-16.0.2\bin\jimage.dll
0x00007ffeebb70000 - 0x00007ffeebd54000 	C:\WINDOWS\SYSTEM32\DBGHELP.DLL
0x00007ffec7640000 - 0x00007ffec766c000 	C:\WINDOWS\SYSTEM32\dbgcore.DLL
0x00007ffef0f90000 - 0x00007ffef1013000 	C:\WINDOWS\System32\bcryptPrimitives.dll
0x00007ffebb440000 - 0x00007ffebb465000 	C:\Program Files\Java\jdk-16.0.2\bin\java.dll
0x00007ffef26c0000 - 0x00007ffef2dff000 	C:\WINDOWS\System32\SHELL32.dll
0x00007ffeef010000 - 0x00007ffeef7a0000 	C:\WINDOWS\SYSTEM32\windows.storage.dll
0x00007ffef2360000 - 0x00007ffef26b5000 	C:\WINDOWS\System32\combase.dll
0x00007ffef0980000 - 0x00007ffef09ae000 	C:\WINDOWS\SYSTEM32\Wldp.dll
0x00007ffef2290000 - 0x00007ffef233d000 	C:\WINDOWS\System32\SHCORE.dll
0x00007ffef2070000 - 0x00007ffef20c5000 	C:\WINDOWS\System32\shlwapi.dll
0x00007ffef0e70000 - 0x00007ffef0e8f000 	C:\WINDOWS\SYSTEM32\profapi.dll
0x00007ffe869b0000 - 0x00007ffe86b30000 	C:\Program Files\Java\jdk-16.0.2\bin\awt.dll
0x00007ffef20d0000 - 0x00007ffef219d000 	C:\WINDOWS\System32\OLEAUT32.dll
0x00007ffeeb330000 - 0x00007ffeeb3c0000 	C:\WINDOWS\SYSTEM32\apphelp.dll
0x00007ffeeb670000 - 0x00007ffeeb69f000 	C:\WINDOWS\system32\DWMAPI.DLL
0x00007ffeeb420000 - 0x00007ffeeb4be000 	C:\WINDOWS\system32\uxtheme.dll
0x00007ffe86880000 - 0x00007ffe869a5000 	C:\WINDOWS\system32\opengl32.dll
0x00007ffeb5a50000 - 0x00007ffeb5a7c000 	C:\WINDOWS\SYSTEM32\GLU32.dll
0x00007ffef1c90000 - 0x00007ffef1da5000 	C:\WINDOWS\System32\MSCTF.dll
0x00007ffef3480000 - 0x00007ffef35aa000 	C:\WINDOWS\System32\ole32.dll
0x00007ffed40a0000 - 0x00007ffed426e000 	C:\WINDOWS\system32\d3d9.dll
0x00007ffee4560000 - 0x00007ffee4665000 	C:\WINDOWS\System32\DriverStore\FileRepository\nvhm.inf_amd64_6f7f22b0a5610d99\nvldumdx.dll
0x00007ffef0b10000 - 0x00007ffef0b22000 	C:\WINDOWS\SYSTEM32\msasn1.dll
0x00007ffee36c0000 - 0x00007ffee36f1000 	C:\WINDOWS\SYSTEM32\cryptnet.dll
0x00007ffef16a0000 - 0x00007ffef17f6000 	C:\WINDOWS\System32\CRYPT32.dll
0x00007ffef08f0000 - 0x00007ffef08fc000 	C:\WINDOWS\SYSTEM32\cryptbase.dll
0x00007ffef1800000 - 0x00007ffef1860000 	C:\WINDOWS\System32\WINTRUST.DLL
0x00007ffef2270000 - 0x00007ffef228d000 	C:\WINDOWS\System32\imagehlp.dll
0x00007ffef08d0000 - 0x00007ffef08e8000 	C:\WINDOWS\SYSTEM32\CRYPTSP.dll
0x00007ffeefff0000 - 0x00007ffef0024000 	C:\WINDOWS\system32\rsaenh.dll
0x00007ffef0f60000 - 0x00007ffef0f87000 	C:\WINDOWS\System32\bcrypt.dll
0x00007ffea2260000 - 0x00007ffea3eaa000 	C:\WINDOWS\System32\DriverStore\FileRepository\nvhm.inf_amd64_6f7f22b0a5610d99\nvd3dumx.dll
0x00007ffea14c0000 - 0x00007ffea1779000 	C:\WINDOWS\system32\nvspcap64.dll
0x00007ffeefc20000 - 0x00007ffeefc53000 	C:\WINDOWS\SYSTEM32\ntmarta.dll
0x00007ffeef7d0000 - 0x00007ffeef7f3000 	C:\WINDOWS\SYSTEM32\gpapi.dll
0x00007ffee5930000 - 0x00007ffee596b000 	C:\WINDOWS\SYSTEM32\dxcore.dll
0x00007ffef1120000 - 0x00007ffef116e000 	C:\WINDOWS\System32\cfgmgr32.dll
0x00007ffeba340000 - 0x00007ffeba358000 	C:\Program Files\Java\jdk-16.0.2\bin\zip.dll
0x00007ffe99350000 - 0x00007ffe993d9000 	C:\Program Files\Java\jdk-16.0.2\bin\freetype.dll
0x00007ffe86780000 - 0x00007ffe86876000 	C:\Program Files\Java\jdk-16.0.2\bin\harfbuzz.dll
0x00007ffeaf6c0000 - 0x00007ffeaf6d2000 	C:\Program Files\Java\jdk-16.0.2\bin\fontmanager.dll
0x00007ffecfb40000 - 0x00007ffecfc39000 	C:\WINDOWS\SYSTEM32\textinputframework.dll
0x00007ffeea930000 - 0x00007ffeeac8e000 	C:\WINDOWS\System32\CoreUIComponents.dll
0x00007ffeeb0f0000 - 0x00007ffeeb1e2000 	C:\WINDOWS\System32\CoreMessaging.dll
0x00007ffee9950000 - 0x00007ffee9aa4000 	C:\WINDOWS\SYSTEM32\wintypes.dll
0x00007ffebb5f0000 - 0x00007ffebb609000 	C:\Program Files\Java\jdk-16.0.2\bin\net.dll
0x00007ffed3670000 - 0x00007ffed377c000 	C:\WINDOWS\SYSTEM32\WINHTTP.dll
0x00007ffef06e0000 - 0x00007ffef074a000 	C:\WINDOWS\system32\mswsock.dll
0x00007ffeba360000 - 0x00007ffeba373000 	C:\Program Files\Java\jdk-16.0.2\bin\nio.dll

dbghelp: loaded successfully - version: 4.0.5 - missing functions: none
symbol engine: initialized successfully - sym options: 0x614 - pdb path: .;C:\Program Files\Java\jdk-16.0.2\bin;C:\WINDOWS\SYSTEM32;C:\WINDOWS\WinSxS\amd64_microsoft.windows.common-controls_6595b64144ccf1df_6.0.19041.1110_none_60b5254171f9507e;C:\Program Files\Java\jdk-16.0.2\bin\server;C:\WINDOWS\System32\DriverStore\FileRepository\nvhm.inf_amd64_6f7f22b0a5610d99

VM Arguments:
jvm_args: -Dfile.encoding=Cp1252 -XX:+ShowCodeDetailsInExceptionMessages 
java_command: RunMenu
java_class_path (initial): C:\Users\zande\eclipse-workspace\latest\bin
Launcher Type: SUN_STANDARD

[Global flags]
     intx CICompilerCount                          = 4                                         {product} {ergonomic}
     uint ConcGCThreads                            = 3                                         {product} {ergonomic}
     uint G1ConcRefinementThreads                  = 10                                        {product} {ergonomic}
   size_t G1HeapRegionSize                         = 2097152                                   {product} {ergonomic}
    uintx GCDrainStackTargetSize                   = 64                                        {product} {ergonomic}
   size_t InitialHeapSize                          = 266338304                                 {product} {ergonomic}
   size_t MarkStackSize                            = 4194304                                   {product} {ergonomic}
   size_t MaxHeapSize                              = 4253024256                                {product} {ergonomic}
   size_t MaxNewSize                               = 2550136832                                {product} {ergonomic}
   size_t MinHeapDeltaBytes                        = 2097152                                   {product} {ergonomic}
   size_t MinHeapSize                              = 8388608                                   {product} {ergonomic}
    uintx NonNMethodCodeHeapSize                   = 5839372                                {pd product} {ergonomic}
    uintx NonProfiledCodeHeapSize                  = 122909434                              {pd product} {ergonomic}
    uintx ProfiledCodeHeapSize                     = 122909434                              {pd product} {ergonomic}
    uintx ReservedCodeCacheSize                    = 251658240                              {pd product} {ergonomic}
     bool SegmentedCodeCache                       = true                                      {product} {ergonomic}
     bool ShowCodeDetailsInExceptionMessages       = true                                   {manageable} {command line}
   size_t SoftMaxHeapSize                          = 4253024256                             {manageable} {ergonomic}
     bool UseCompressedClassPointers               = true                           {product lp64_product} {ergonomic}
     bool UseCompressedOops                        = true                           {product lp64_product} {ergonomic}
     bool UseG1GC                                  = true                                      {product} {ergonomic}
     bool UseLargePagesIndividualAllocation        = false                                  {pd product} {ergonomic}

Logging:
Log output configuration:
 #0: stdout all=warning uptime,level,tags
 #1: stderr all=off uptime,level,tags

Environment Variables:
PATH=C:\Program Files\Common Files\Oracle\Java\javapath;C:\Program Files (x86)\Common Files\Oracle\Java\javapath;C:\Program Files\Oculus\Support\oculus-runtime;C:\windows\system32;C:\windows;C:\windows\System32\Wbem;C:\windows\System32\WindowsPowerShell\v1.0\;C:\windows\System32\OpenSSH\;C:\Program Files (x86)\NVIDIA Corporation\PhysX\Common;C:\Program Files\NVIDIA Corporation\NVIDIA NvDLISR;C:\Program Files\MATLAB\R2020b\bin;C:\Program Files\PuTTY\;C:\WINDOWS\system32;C:\WINDOWS;C:\WINDOWS\System32\Wbem;C:\WINDOWS\System32\WindowsPowerShell\v1.0\;C:\WINDOWS\System32\OpenSSH\;C:\Users\zande\AppData\Local\Microsoft\WindowsApps;C:\intelFPGA\17.1\modelsim_ase\win32aloem;C:\Users\zande\AppData\Local\GitHubDesktop\bin;C:\Users\zande\Documents\VisualStuddd\Microsoft VS Code\bin
USERNAME=zande
OS=Windows_NT
PROCESSOR_IDENTIFIER=Intel64 Family 6 Model 165 Stepping 2, GenuineIntel



---------------  S Y S T E M  ---------------

OS:
 Windows 10 , 64 bit Build 19041 (10.0.19041.1348)
OS uptime: 7 days 2:19 hours

CPU: total 12 (initial active 12) (6 cores per cpu, 2 threads per core) family 6 model 165 stepping 2 microcode 0xc8, cx8, cmov, fxsr, ht, mmx, 3dnowpref, sse, sse2, sse3, ssse3, sse4.1, sse4.2, popcnt, lzcnt, tsc, tscinvbit, avx, avx2, aes, erms, clmul, bmi1, bmi2, adx, fma, vzeroupper, clflush, clflushopt

Memory: 4k page, system-wide physical 16223M (6553M free)
TotalPageFile size 65375M (AvailPageFile size 5M)
current process WorkingSet (physical memory assigned to process): 94M, peak: 95M
current process commit charge ("private bytes"): 393M, peak: 395M

vm_info: Java HotSpot(TM) 64-Bit Server VM (16.0.2+7-67) for windows-amd64 JRE (16.0.2+7-67), built on Jun  8 2021 23:24:19 by "mach5one" with MS VC++ 16.7 (VS2019)

END.
